{"C:\\Users\\malan\\Documents\\GitHub\\PlayGrid\\backend\\src\\config.ts": {"path":"C:\\Users\\malan\\Documents\\GitHub\\PlayGrid\\backend\\src\\config.ts","statementMap":{"0":{"start":{"line":1,"column":13},"end":{"line":1,"column":78}},"1":{"start":{"line":2,"column":13},"end":{"line":2,"column":47}},"2":{"start":{"line":3,"column":13},"end":{"line":3,"column":37}}},"fnMap":{},"branchMap":{"0":{"loc":{"start":{"line":1,"column":27},"end":{"line":1,"column":77}},"type":"cond-expr","locations":[{"start":{"line":1,"column":46},"end":{"line":1,"column":70}},{"start":{"line":1,"column":73},"end":{"line":1,"column":77}}]}},"s":{"0":1,"1":1,"2":1},"f":{},"b":{"0":[0,1]}}
,"C:\\Users\\malan\\Documents\\GitHub\\PlayGrid\\backend\\src\\rooms.ts": {"path":"C:\\Users\\malan\\Documents\\GitHub\\PlayGrid\\backend\\src\\rooms.ts","statementMap":{"0":{"start":{"line":39,"column":0},"end":{"line":39,"column":16}},"1":{"start":{"line":55,"column":0},"end":{"line":55,"column":16}},"2":{"start":{"line":59,"column":0},"end":{"line":59,"column":16}},"3":{"start":{"line":63,"column":0},"end":{"line":63,"column":16}},"4":{"start":{"line":80,"column":0},"end":{"line":80,"column":16}},"5":{"start":{"line":114,"column":0},"end":{"line":114,"column":16}},"6":{"start":{"line":128,"column":0},"end":{"line":128,"column":16}},"7":{"start":{"line":148,"column":0},"end":{"line":148,"column":16}},"8":{"start":{"line":157,"column":0},"end":{"line":157,"column":16}},"9":{"start":{"line":169,"column":0},"end":{"line":169,"column":16}},"10":{"start":{"line":8,"column":0},"end":{"line":8,"column":49}},"11":{"start":{"line":9,"column":0},"end":{"line":9,"column":73}},"12":{"start":{"line":37,"column":14},"end":{"line":37,"column":37}},"13":{"start":{"line":40,"column":19},"end":{"line":40,"column":31}},"14":{"start":{"line":41,"column":23},"end":{"line":50,"column":6}},"15":{"start":{"line":51,"column":4},"end":{"line":51,"column":28}},"16":{"start":{"line":52,"column":4},"end":{"line":52,"column":16}},"17":{"start":{"line":56,"column":4},"end":{"line":56,"column":37}},"18":{"start":{"line":60,"column":4},"end":{"line":60,"column":38}},"19":{"start":{"line":64,"column":16},"end":{"line":72,"column":11}},"20":{"start":{"line":65,"column":19},"end":{"line":72,"column":10}},"21":{"start":{"line":73,"column":4},"end":{"line":73,"column":15}},"22":{"start":{"line":81,"column":17},"end":{"line":81,"column":34}},"23":{"start":{"line":82,"column":4},"end":{"line":82,"column":27}},"24":{"start":{"line":82,"column":15},"end":{"line":82,"column":27}},"25":{"start":{"line":85,"column":4},"end":{"line":87,"column":5}},"26":{"start":{"line":86,"column":8},"end":{"line":86,"column":65}},"27":{"start":{"line":86,"column":40},"end":{"line":86,"column":63}},"28":{"start":{"line":88,"column":4},"end":{"line":98,"column":5}},"29":{"start":{"line":90,"column":8},"end":{"line":90,"column":35}},"30":{"start":{"line":91,"column":8},"end":{"line":91,"column":27}},"31":{"start":{"line":92,"column":8},"end":{"line":92,"column":37}},"32":{"start":{"line":93,"column":8},"end":{"line":96,"column":9}},"33":{"start":{"line":94,"column":12},"end":{"line":94,"column":51}},"34":{"start":{"line":95,"column":12},"end":{"line":95,"column":44}},"35":{"start":{"line":97,"column":8},"end":{"line":97,"column":22}},"36":{"start":{"line":100,"column":4},"end":{"line":100,"column":60}},"37":{"start":{"line":100,"column":48},"end":{"line":100,"column":60}},"38":{"start":{"line":102,"column":30},"end":{"line":109,"column":6}},"39":{"start":{"line":110,"column":4},"end":{"line":110,"column":33}},"40":{"start":{"line":111,"column":4},"end":{"line":111,"column":21}},"41":{"start":{"line":115,"column":17},"end":{"line":115,"column":34}},"42":{"start":{"line":116,"column":4},"end":{"line":116,"column":22}},"43":{"start":{"line":116,"column":15},"end":{"line":116,"column":22}},"44":{"start":{"line":117,"column":14},"end":{"line":117,"column":63}},"45":{"start":{"line":117,"column":38},"end":{"line":117,"column":62}},"46":{"start":{"line":118,"column":4},"end":{"line":118,"column":19}},"47":{"start":{"line":118,"column":12},"end":{"line":118,"column":19}},"48":{"start":{"line":119,"column":4},"end":{"line":119,"column":27}},"49":{"start":{"line":120,"column":4},"end":{"line":120,"column":28}},"50":{"start":{"line":123,"column":4},"end":{"line":125,"column":33}},"51":{"start":{"line":124,"column":8},"end":{"line":124,"column":45}},"52":{"start":{"line":129,"column":17},"end":{"line":129,"column":34}},"53":{"start":{"line":130,"column":4},"end":{"line":130,"column":22}},"54":{"start":{"line":130,"column":15},"end":{"line":130,"column":22}},"55":{"start":{"line":131,"column":16},"end":{"line":131,"column":68}},"56":{"start":{"line":131,"column":44},"end":{"line":131,"column":67}},"57":{"start":{"line":132,"column":4},"end":{"line":137,"column":5}},"58":{"start":{"line":133,"column":26},"end":{"line":133,"column":53}},"59":{"start":{"line":134,"column":8},"end":{"line":136,"column":9}},"60":{"start":{"line":135,"column":12},"end":{"line":135,"column":52}},"61":{"start":{"line":138,"column":4},"end":{"line":145,"column":5}},"62":{"start":{"line":139,"column":8},"end":{"line":139,"column":29}},"63":{"start":{"line":142,"column":8},"end":{"line":144,"column":9}},"64":{"start":{"line":142,"column":36},"end":{"line":142,"column":44}},"65":{"start":{"line":143,"column":12},"end":{"line":143,"column":42}},"66":{"start":{"line":149,"column":17},"end":{"line":149,"column":34}},"67":{"start":{"line":150,"column":4},"end":{"line":150,"column":22}},"68":{"start":{"line":150,"column":15},"end":{"line":150,"column":22}},"69":{"start":{"line":151,"column":14},"end":{"line":151,"column":63}},"70":{"start":{"line":151,"column":38},"end":{"line":151,"column":62}},"71":{"start":{"line":152,"column":4},"end":{"line":152,"column":19}},"72":{"start":{"line":152,"column":12},"end":{"line":152,"column":19}},"73":{"start":{"line":154,"column":4},"end":{"line":154,"column":45}},"74":{"start":{"line":158,"column":17},"end":{"line":158,"column":34}},"75":{"start":{"line":159,"column":4},"end":{"line":159,"column":27}},"76":{"start":{"line":159,"column":15},"end":{"line":159,"column":27}},"77":{"start":{"line":160,"column":4},"end":{"line":166,"column":6}},"78":{"start":{"line":170,"column":17},"end":{"line":170,"column":34}},"79":{"start":{"line":171,"column":4},"end":{"line":171,"column":27}},"80":{"start":{"line":171,"column":15},"end":{"line":171,"column":27}},"81":{"start":{"line":173,"column":4},"end":{"line":184,"column":6}},"82":{"start":{"line":177,"column":40},"end":{"line":182,"column":10}}},"fnMap":{"0":{"name":"createRoom","decl":{"start":{"line":39,"column":16},"end":{"line":39,"column":26}},"loc":{"start":{"line":39,"column":118},"end":{"line":53,"column":1}}},"1":{"name":"getRoom","decl":{"start":{"line":55,"column":16},"end":{"line":55,"column":23}},"loc":{"start":{"line":55,"column":38},"end":{"line":57,"column":1}}},"2":{"name":"getAllRooms","decl":{"start":{"line":59,"column":16},"end":{"line":59,"column":27}},"loc":{"start":{"line":59,"column":27},"end":{"line":61,"column":1}}},"3":{"name":"getPublicRoomsSummary","decl":{"start":{"line":63,"column":16},"end":{"line":63,"column":37}},"loc":{"start":{"line":63,"column":37},"end":{"line":74,"column":1}}},"4":{"name":"(anonymous_4)","decl":{"start":{"line":65,"column":13},"end":{"line":65,"column":14}},"loc":{"start":{"line":65,"column":19},"end":{"line":72,"column":10}}},"5":{"name":"addPlayerToRoom","decl":{"start":{"line":80,"column":16},"end":{"line":80,"column":31}},"loc":{"start":{"line":80,"column":113},"end":{"line":112,"column":1}}},"6":{"name":"(anonymous_6)","decl":{"start":{"line":86,"column":35},"end":{"line":86,"column":36}},"loc":{"start":{"line":86,"column":40},"end":{"line":86,"column":63}}},"7":{"name":"markPlayerDisconnected","decl":{"start":{"line":114,"column":16},"end":{"line":114,"column":38}},"loc":{"start":{"line":114,"column":71},"end":{"line":126,"column":1}}},"8":{"name":"(anonymous_8)","decl":{"start":{"line":117,"column":32},"end":{"line":117,"column":34}},"loc":{"start":{"line":117,"column":38},"end":{"line":117,"column":62}}},"9":{"name":"(anonymous_9)","decl":{"start":{"line":123,"column":37},"end":{"line":123,"column":40}},"loc":{"start":{"line":123,"column":42},"end":{"line":125,"column":5}}},"10":{"name":"removePlayerById","decl":{"start":{"line":128,"column":16},"end":{"line":128,"column":32}},"loc":{"start":{"line":128,"column":65},"end":{"line":146,"column":1}}},"11":{"name":"(anonymous_11)","decl":{"start":{"line":131,"column":39},"end":{"line":131,"column":40}},"loc":{"start":{"line":131,"column":44},"end":{"line":131,"column":67}}},"12":{"name":"(anonymous_12)","decl":{"start":{"line":142,"column":31},"end":{"line":142,"column":32}},"loc":{"start":{"line":142,"column":36},"end":{"line":142,"column":44}}},"13":{"name":"removePlayerBySocket","decl":{"start":{"line":148,"column":16},"end":{"line":148,"column":36}},"loc":{"start":{"line":148,"column":69},"end":{"line":155,"column":1}}},"14":{"name":"(anonymous_14)","decl":{"start":{"line":151,"column":32},"end":{"line":151,"column":34}},"loc":{"start":{"line":151,"column":38},"end":{"line":151,"column":62}}},"15":{"name":"getRoomPublicView","decl":{"start":{"line":157,"column":16},"end":{"line":157,"column":33}},"loc":{"start":{"line":157,"column":48},"end":{"line":167,"column":1}}},"16":{"name":"getFullRoomData","decl":{"start":{"line":169,"column":16},"end":{"line":169,"column":31}},"loc":{"start":{"line":169,"column":46},"end":{"line":185,"column":1}}},"17":{"name":"(anonymous_17)","decl":{"start":{"line":177,"column":34},"end":{"line":177,"column":35}},"loc":{"start":{"line":177,"column":40},"end":{"line":182,"column":10}}}},"branchMap":{"0":{"loc":{"start":{"line":39,"column":41},"end":{"line":39,"column":58}},"type":"default-arg","locations":[{"start":{"line":39,"column":53},"end":{"line":39,"column":58}}]},"1":{"loc":{"start":{"line":39,"column":86},"end":{"line":39,"column":118}},"type":"default-arg","locations":[{"start":{"line":39,"column":99},"end":{"line":39,"column":118}}]},"2":{"loc":{"start":{"line":45,"column":18},"end":{"line":45,"column":34}},"type":"binary-expr","locations":[{"start":{"line":45,"column":18},"end":{"line":45,"column":26}},{"start":{"line":45,"column":30},"end":{"line":45,"column":34}}]},"3":{"loc":{"start":{"line":56,"column":11},"end":{"line":56,"column":36}},"type":"binary-expr","locations":[{"start":{"line":56,"column":11},"end":{"line":56,"column":28}},{"start":{"line":56,"column":32},"end":{"line":56,"column":36}}]},"4":{"loc":{"start":{"line":80,"column":99},"end":{"line":80,"column":113}},"type":"default-arg","locations":[{"start":{"line":80,"column":108},"end":{"line":80,"column":113}}]},"5":{"loc":{"start":{"line":82,"column":4},"end":{"line":82,"column":27}},"type":"if","locations":[{"start":{"line":82,"column":4},"end":{"line":82,"column":27}},{"start":{},"end":{}}]},"6":{"loc":{"start":{"line":85,"column":4},"end":{"line":87,"column":5}},"type":"if","locations":[{"start":{"line":85,"column":4},"end":{"line":87,"column":5}},{"start":{},"end":{}}]},"7":{"loc":{"start":{"line":88,"column":4},"end":{"line":98,"column":5}},"type":"if","locations":[{"start":{"line":88,"column":4},"end":{"line":98,"column":5}},{"start":{},"end":{}}]},"8":{"loc":{"start":{"line":93,"column":8},"end":{"line":96,"column":9}},"type":"if","locations":[{"start":{"line":93,"column":8},"end":{"line":96,"column":9}},{"start":{},"end":{}}]},"9":{"loc":{"start":{"line":100,"column":4},"end":{"line":100,"column":60}},"type":"if","locations":[{"start":{"line":100,"column":4},"end":{"line":100,"column":60}},{"start":{},"end":{}}]},"10":{"loc":{"start":{"line":116,"column":4},"end":{"line":116,"column":22}},"type":"if","locations":[{"start":{"line":116,"column":4},"end":{"line":116,"column":22}},{"start":{},"end":{}}]},"11":{"loc":{"start":{"line":118,"column":4},"end":{"line":118,"column":19}},"type":"if","locations":[{"start":{"line":118,"column":4},"end":{"line":118,"column":19}},{"start":{},"end":{}}]},"12":{"loc":{"start":{"line":130,"column":4},"end":{"line":130,"column":22}},"type":"if","locations":[{"start":{"line":130,"column":4},"end":{"line":130,"column":22}},{"start":{},"end":{}}]},"13":{"loc":{"start":{"line":132,"column":4},"end":{"line":137,"column":5}},"type":"if","locations":[{"start":{"line":132,"column":4},"end":{"line":137,"column":5}},{"start":{},"end":{}}]},"14":{"loc":{"start":{"line":134,"column":8},"end":{"line":136,"column":9}},"type":"if","locations":[{"start":{"line":134,"column":8},"end":{"line":136,"column":9}},{"start":{},"end":{}}]},"15":{"loc":{"start":{"line":138,"column":4},"end":{"line":145,"column":5}},"type":"if","locations":[{"start":{"line":138,"column":4},"end":{"line":145,"column":5}},{"start":{"line":140,"column":11},"end":{"line":145,"column":5}}]},"16":{"loc":{"start":{"line":142,"column":8},"end":{"line":144,"column":9}},"type":"if","locations":[{"start":{"line":142,"column":8},"end":{"line":144,"column":9}},{"start":{},"end":{}}]},"17":{"loc":{"start":{"line":150,"column":4},"end":{"line":150,"column":22}},"type":"if","locations":[{"start":{"line":150,"column":4},"end":{"line":150,"column":22}},{"start":{},"end":{}}]},"18":{"loc":{"start":{"line":152,"column":4},"end":{"line":152,"column":19}},"type":"if","locations":[{"start":{"line":152,"column":4},"end":{"line":152,"column":19}},{"start":{},"end":{}}]},"19":{"loc":{"start":{"line":159,"column":4},"end":{"line":159,"column":27}},"type":"if","locations":[{"start":{"line":159,"column":4},"end":{"line":159,"column":27}},{"start":{},"end":{}}]},"20":{"loc":{"start":{"line":171,"column":4},"end":{"line":171,"column":27}},"type":"if","locations":[{"start":{"line":171,"column":4},"end":{"line":171,"column":27}},{"start":{},"end":{}}]}},"s":{"0":1,"1":1,"2":1,"3":1,"4":1,"5":1,"6":1,"7":1,"8":1,"9":1,"10":1,"11":1,"12":1,"13":0,"14":0,"15":0,"16":0,"17":0,"18":0,"19":0,"20":0,"21":0,"22":0,"23":0,"24":0,"25":0,"26":0,"27":0,"28":0,"29":0,"30":0,"31":0,"32":0,"33":0,"34":0,"35":0,"36":0,"37":0,"38":0,"39":0,"40":0,"41":0,"42":0,"43":0,"44":0,"45":0,"46":0,"47":0,"48":0,"49":0,"50":0,"51":0,"52":0,"53":0,"54":0,"55":0,"56":0,"57":0,"58":0,"59":0,"60":0,"61":0,"62":0,"63":0,"64":0,"65":0,"66":0,"67":0,"68":0,"69":0,"70":0,"71":0,"72":0,"73":0,"74":0,"75":0,"76":0,"77":0,"78":0,"79":0,"80":0,"81":0,"82":0},"f":{"0":0,"1":0,"2":0,"3":0,"4":0,"5":0,"6":0,"7":0,"8":0,"9":0,"10":0,"11":0,"12":0,"13":0,"14":0,"15":0,"16":0,"17":0},"b":{"0":[0],"1":[0],"2":[0,0],"3":[0,0],"4":[0],"5":[0,0],"6":[0,0],"7":[0,0],"8":[0,0],"9":[0,0],"10":[0,0],"11":[0,0],"12":[0,0],"13":[0,0],"14":[0,0],"15":[0,0],"16":[0,0],"17":[0,0],"18":[0,0],"19":[0,0],"20":[0,0]}}
,"C:\\Users\\malan\\Documents\\GitHub\\PlayGrid\\backend\\src\\socket.ts": {"path":"C:\\Users\\malan\\Documents\\GitHub\\PlayGrid\\backend\\src\\socket.ts","statementMap":{"0":{"start":{"line":142,"column":0},"end":{"line":142,"column":16}},"1":{"start":{"line":2,"column":0},"end":{"line":2,"column":null}},"2":{"start":{"line":12,"column":0},"end":{"line":12,"column":50}},"3":{"start":{"line":14,"column":0},"end":{"line":14,"column":49}},"4":{"start":{"line":55,"column":4},"end":{"line":57,"column":5}},"5":{"start":{"line":56,"column":8},"end":{"line":56,"column":21}},"6":{"start":{"line":61,"column":4},"end":{"line":61,"column":62}},"7":{"start":{"line":66,"column":4},"end":{"line":68,"column":5}},"8":{"start":{"line":67,"column":8},"end":{"line":67,"column":47}},"9":{"start":{"line":69,"column":4},"end":{"line":71,"column":12}},"10":{"start":{"line":70,"column":8},"end":{"line":70,"column":57}},"11":{"start":{"line":73,"column":0},"end":{"line":73,"column":57}},"12":{"start":{"line":76,"column":26},"end":{"line":76,"column":78}},"13":{"start":{"line":77,"column":18},"end":{"line":77,"column":22}},"14":{"start":{"line":80,"column":21},"end":{"line":80,"column":59}},"15":{"start":{"line":81,"column":19},"end":{"line":81,"column":50}},"16":{"start":{"line":83,"column":4},"end":{"line":85,"column":5}},"17":{"start":{"line":84,"column":8},"end":{"line":84,"column":28}},"18":{"start":{"line":87,"column":22},"end":{"line":101,"column":6}},"19":{"start":{"line":90,"column":12},"end":{"line":90,"column":50}},"20":{"start":{"line":90,"column":41},"end":{"line":90,"column":50}},"21":{"start":{"line":91,"column":12},"end":{"line":99,"column":14}},"22":{"start":{"line":96,"column":24},"end":{"line":96,"column":56}},"23":{"start":{"line":103,"column":4},"end":{"line":103,"column":81}},"24":{"start":{"line":104,"column":4},"end":{"line":104,"column":21}},"25":{"start":{"line":108,"column":21},"end":{"line":108,"column":51}},"26":{"start":{"line":109,"column":19},"end":{"line":109,"column":50}},"27":{"start":{"line":111,"column":4},"end":{"line":113,"column":5}},"28":{"start":{"line":112,"column":8},"end":{"line":112,"column":28}},"29":{"start":{"line":115,"column":22},"end":{"line":126,"column":6}},"30":{"start":{"line":117,"column":48},"end":{"line":125,"column":10}},"31":{"start":{"line":122,"column":20},"end":{"line":122,"column":52}},"32":{"start":{"line":128,"column":4},"end":{"line":128,"column":81}},"33":{"start":{"line":129,"column":4},"end":{"line":129,"column":21}},"34":{"start":{"line":133,"column":0},"end":{"line":140,"column":18}},"35":{"start":{"line":134,"column":16},"end":{"line":134,"column":26}},"36":{"start":{"line":135,"column":4},"end":{"line":139,"column":5}},"37":{"start":{"line":136,"column":8},"end":{"line":138,"column":9}},"38":{"start":{"line":137,"column":12},"end":{"line":137,"column":42}},"39":{"start":{"line":143,"column":24},"end":{"line":143,"column":43}},"40":{"start":{"line":144,"column":4},"end":{"line":144,"column":45}},"41":{"start":{"line":148,"column":29},"end":{"line":148,"column":46}},"42":{"start":{"line":150,"column":4},"end":{"line":441,"column":7}},"43":{"start":{"line":151,"column":8},"end":{"line":151,"column":52}},"44":{"start":{"line":152,"column":8},"end":{"line":152,"column":40}},"45":{"start":{"line":155,"column":8},"end":{"line":155,"column":61}},"46":{"start":{"line":157,"column":8},"end":{"line":159,"column":11}},"47":{"start":{"line":158,"column":12},"end":{"line":158,"column":40}},"48":{"start":{"line":161,"column":8},"end":{"line":187,"column":11}},"49":{"start":{"line":162,"column":12},"end":{"line":186,"column":13}},"50":{"start":{"line":163,"column":90},"end":{"line":163,"column":97}},"51":{"start":{"line":165,"column":29},"end":{"line":165,"column":90}},"52":{"start":{"line":166,"column":31},"end":{"line":166,"column":99}},"53":{"start":{"line":168,"column":16},"end":{"line":168,"column":41}},"54":{"start":{"line":169,"column":29},"end":{"line":169,"column":57}},"55":{"start":{"line":172,"column":16},"end":{"line":172,"column":35}},"56":{"start":{"line":173,"column":16},"end":{"line":173,"column":67}},"57":{"start":{"line":176,"column":16},"end":{"line":179,"column":19}},"58":{"start":{"line":181,"column":16},"end":{"line":181,"column":69}},"59":{"start":{"line":183,"column":16},"end":{"line":183,"column":56}},"60":{"start":{"line":184,"column":16},"end":{"line":184,"column":59}},"61":{"start":{"line":185,"column":16},"end":{"line":185,"column":81}},"62":{"start":{"line":189,"column":8},"end":{"line":241,"column":11}},"63":{"start":{"line":190,"column":12},"end":{"line":240,"column":13}},"64":{"start":{"line":191,"column":67},"end":{"line":191,"column":74}},"65":{"start":{"line":192,"column":29},"end":{"line":192,"column":44}},"66":{"start":{"line":194,"column":16},"end":{"line":197,"column":17}},"67":{"start":{"line":195,"column":20},"end":{"line":195,"column":56}},"68":{"start":{"line":196,"column":20},"end":{"line":196,"column":85}},"69":{"start":{"line":199,"column":16},"end":{"line":202,"column":17}},"70":{"start":{"line":200,"column":20},"end":{"line":200,"column":58}},"71":{"start":{"line":201,"column":20},"end":{"line":201,"column":87}},"72":{"start":{"line":204,"column":31},"end":{"line":204,"column":94}},"73":{"start":{"line":205,"column":16},"end":{"line":208,"column":17}},"74":{"start":{"line":206,"column":20},"end":{"line":206,"column":72}},"75":{"start":{"line":207,"column":20},"end":{"line":207,"column":98}},"76":{"start":{"line":211,"column":16},"end":{"line":215,"column":17}},"77":{"start":{"line":212,"column":20},"end":{"line":214,"column":21}},"78":{"start":{"line":213,"column":24},"end":{"line":213,"column":40}},"79":{"start":{"line":217,"column":16},"end":{"line":217,"column":36}},"80":{"start":{"line":218,"column":29},"end":{"line":218,"column":52}},"81":{"start":{"line":220,"column":16},"end":{"line":220,"column":99}},"82":{"start":{"line":221,"column":16},"end":{"line":221,"column":92}},"83":{"start":{"line":224,"column":16},"end":{"line":224,"column":35}},"84":{"start":{"line":225,"column":16},"end":{"line":225,"column":67}},"85":{"start":{"line":228,"column":16},"end":{"line":233,"column":24}},"86":{"start":{"line":229,"column":20},"end":{"line":232,"column":23}},"87":{"start":{"line":235,"column":16},"end":{"line":235,"column":48}},"88":{"start":{"line":237,"column":16},"end":{"line":237,"column":54}},"89":{"start":{"line":238,"column":16},"end":{"line":238,"column":57}},"90":{"start":{"line":239,"column":16},"end":{"line":239,"column":79}},"91":{"start":{"line":243,"column":8},"end":{"line":253,"column":11}},"92":{"start":{"line":244,"column":12},"end":{"line":252,"column":13}},"93":{"start":{"line":245,"column":35},"end":{"line":245,"column":42}},"94":{"start":{"line":246,"column":29},"end":{"line":246,"column":44}},"95":{"start":{"line":247,"column":16},"end":{"line":247,"column":50}},"96":{"start":{"line":249,"column":16},"end":{"line":249,"column":63}},"97":{"start":{"line":250,"column":16},"end":{"line":250,"column":67}},"98":{"start":{"line":251,"column":16},"end":{"line":251,"column":33}},"99":{"start":{"line":255,"column":8},"end":{"line":280,"column":11}},"100":{"start":{"line":256,"column":12},"end":{"line":279,"column":13}},"101":{"start":{"line":257,"column":45},"end":{"line":257,"column":52}},"102":{"start":{"line":259,"column":16},"end":{"line":263,"column":17}},"103":{"start":{"line":260,"column":20},"end":{"line":260,"column":55}},"104":{"start":{"line":262,"column":20},"end":{"line":262,"column":62}},"105":{"start":{"line":265,"column":16},"end":{"line":265,"column":37}},"106":{"start":{"line":266,"column":16},"end":{"line":266,"column":35}},"107":{"start":{"line":268,"column":29},"end":{"line":268,"column":52}},"108":{"start":{"line":269,"column":16},"end":{"line":272,"column":19}},"109":{"start":{"line":274,"column":16},"end":{"line":274,"column":48}},"110":{"start":{"line":276,"column":16},"end":{"line":276,"column":55}},"111":{"start":{"line":277,"column":16},"end":{"line":277,"column":58}},"112":{"start":{"line":278,"column":16},"end":{"line":278,"column":80}},"113":{"start":{"line":282,"column":8},"end":{"line":299,"column":11}},"114":{"start":{"line":283,"column":12},"end":{"line":298,"column":13}},"115":{"start":{"line":284,"column":66},"end":{"line":284,"column":73}},"116":{"start":{"line":285,"column":28},"end":{"line":290,"column":18}},"117":{"start":{"line":292,"column":16},"end":{"line":292,"column":56}},"118":{"start":{"line":293,"column":16},"end":{"line":293,"column":48}},"119":{"start":{"line":295,"column":16},"end":{"line":295,"column":57}},"120":{"start":{"line":296,"column":16},"end":{"line":296,"column":60}},"121":{"start":{"line":297,"column":16},"end":{"line":297,"column":82}},"122":{"start":{"line":301,"column":8},"end":{"line":326,"column":11}},"123":{"start":{"line":302,"column":12},"end":{"line":325,"column":13}},"124":{"start":{"line":303,"column":57},"end":{"line":303,"column":64}},"125":{"start":{"line":304,"column":31},"end":{"line":304,"column":111}},"126":{"start":{"line":306,"column":16},"end":{"line":308,"column":17}},"127":{"start":{"line":307,"column":20},"end":{"line":307,"column":90}},"128":{"start":{"line":310,"column":16},"end":{"line":310,"column":36}},"129":{"start":{"line":311,"column":29},"end":{"line":311,"column":52}},"130":{"start":{"line":313,"column":16},"end":{"line":313,"column":35}},"131":{"start":{"line":314,"column":16},"end":{"line":317,"column":19}},"132":{"start":{"line":318,"column":16},"end":{"line":318,"column":67}},"133":{"start":{"line":320,"column":16},"end":{"line":320,"column":48}},"134":{"start":{"line":322,"column":16},"end":{"line":322,"column":61}},"135":{"start":{"line":323,"column":16},"end":{"line":323,"column":54}},"136":{"start":{"line":324,"column":16},"end":{"line":324,"column":76}},"137":{"start":{"line":328,"column":8},"end":{"line":359,"column":11}},"138":{"start":{"line":329,"column":12},"end":{"line":358,"column":13}},"139":{"start":{"line":330,"column":29},"end":{"line":330,"column":44}},"140":{"start":{"line":331,"column":16},"end":{"line":335,"column":17}},"141":{"start":{"line":332,"column":20},"end":{"line":332,"column":75}},"142":{"start":{"line":333,"column":20},"end":{"line":333,"column":78}},"143":{"start":{"line":334,"column":20},"end":{"line":334,"column":27}},"144":{"start":{"line":337,"column":16},"end":{"line":337,"column":68}},"145":{"start":{"line":338,"column":16},"end":{"line":342,"column":18}},"146":{"start":{"line":344,"column":16},"end":{"line":344,"column":72}},"147":{"start":{"line":345,"column":16},"end":{"line":345,"column":110}},"148":{"start":{"line":345,"column":68},"end":{"line":345,"column":106}},"149":{"start":{"line":346,"column":16},"end":{"line":346,"column":93}},"150":{"start":{"line":349,"column":36},"end":{"line":349,"column":70}},"151":{"start":{"line":350,"column":16},"end":{"line":350,"column":86}},"152":{"start":{"line":350,"column":79},"end":{"line":350,"column":83}},"153":{"start":{"line":352,"column":16},"end":{"line":352,"column":62}},"154":{"start":{"line":353,"column":16},"end":{"line":353,"column":64}},"155":{"start":{"line":355,"column":16},"end":{"line":355,"column":56}},"156":{"start":{"line":356,"column":16},"end":{"line":356,"column":77}},"157":{"start":{"line":357,"column":16},"end":{"line":357,"column":80}},"158":{"start":{"line":361,"column":8},"end":{"line":385,"column":11}},"159":{"start":{"line":362,"column":12},"end":{"line":384,"column":13}},"160":{"start":{"line":363,"column":29},"end":{"line":363,"column":44}},"161":{"start":{"line":364,"column":16},"end":{"line":367,"column":17}},"162":{"start":{"line":365,"column":20},"end":{"line":365,"column":90}},"163":{"start":{"line":366,"column":20},"end":{"line":366,"column":27}},"164":{"start":{"line":369,"column":34},"end":{"line":369,"column":66}},"165":{"start":{"line":370,"column":16},"end":{"line":380,"column":17}},"166":{"start":{"line":372,"column":35},"end":{"line":372,"column":83}},"167":{"start":{"line":372,"column":58},"end":{"line":372,"column":82}},"168":{"start":{"line":373,"column":20},"end":{"line":379,"column":21}},"169":{"start":{"line":375,"column":24},"end":{"line":375,"column":102}},"170":{"start":{"line":378,"column":24},"end":{"line":378,"column":61}},"171":{"start":{"line":382,"column":16},"end":{"line":382,"column":55}},"172":{"start":{"line":383,"column":16},"end":{"line":383,"column":76}},"173":{"start":{"line":387,"column":8},"end":{"line":419,"column":11}},"174":{"start":{"line":388,"column":12},"end":{"line":418,"column":13}},"175":{"start":{"line":389,"column":43},"end":{"line":389,"column":50}},"176":{"start":{"line":390,"column":29},"end":{"line":390,"column":44}},"177":{"start":{"line":392,"column":16},"end":{"line":395,"column":17}},"178":{"start":{"line":393,"column":20},"end":{"line":393,"column":75}},"179":{"start":{"line":394,"column":20},"end":{"line":394,"column":27}},"180":{"start":{"line":397,"column":16},"end":{"line":397,"column":57}},"181":{"start":{"line":398,"column":37},"end":{"line":398,"column":69}},"182":{"start":{"line":400,"column":16},"end":{"line":411,"column":17}},"183":{"start":{"line":402,"column":20},"end":{"line":410,"column":23}},"184":{"start":{"line":403,"column":45},"end":{"line":403,"column":69}},"185":{"start":{"line":404,"column":24},"end":{"line":409,"column":25}},"186":{"start":{"line":405,"column":28},"end":{"line":408,"column":30}},"187":{"start":{"line":414,"column":16},"end":{"line":414,"column":90}},"188":{"start":{"line":416,"column":16},"end":{"line":416,"column":57}},"189":{"start":{"line":417,"column":16},"end":{"line":417,"column":85}},"190":{"start":{"line":421,"column":8},"end":{"line":440,"column":11}},"191":{"start":{"line":422,"column":12},"end":{"line":422,"column":67}},"192":{"start":{"line":423,"column":12},"end":{"line":423,"column":47}},"193":{"start":{"line":425,"column":32},"end":{"line":425,"column":85}},"194":{"start":{"line":425,"column":69},"end":{"line":425,"column":84}},"195":{"start":{"line":426,"column":12},"end":{"line":439,"column":15}},"196":{"start":{"line":427,"column":16},"end":{"line":438,"column":17}},"197":{"start":{"line":428,"column":20},"end":{"line":428,"column":62}},"198":{"start":{"line":429,"column":33},"end":{"line":429,"column":56}},"199":{"start":{"line":431,"column":20},"end":{"line":434,"column":23}},"200":{"start":{"line":435,"column":20},"end":{"line":435,"column":39}},"201":{"start":{"line":437,"column":20},"end":{"line":437,"column":85}},"202":{"start":{"line":444,"column":4},"end":{"line":447,"column":22}}},"fnMap":{"0":{"name":"safeAck","decl":{"start":{"line":54,"column":9},"end":{"line":54,"column":16}},"loc":{"start":{"line":54,"column":61},"end":{"line":58,"column":1}}},"1":{"name":"emitError","decl":{"start":{"line":60,"column":9},"end":{"line":60,"column":18}},"loc":{"start":{"line":60,"column":71},"end":{"line":62,"column":1}}},"2":{"name":"emitRoomUpdate","decl":{"start":{"line":64,"column":9},"end":{"line":64,"column":23}},"loc":{"start":{"line":64,"column":34},"end":{"line":72,"column":1}}},"3":{"name":"(anonymous_3)","decl":{"start":{"line":69,"column":42},"end":{"line":69,"column":45}},"loc":{"start":{"line":69,"column":47},"end":{"line":71,"column":5}}},"4":{"name":"sanitizeStateForPlayer","decl":{"start":{"line":79,"column":9},"end":{"line":79,"column":31}},"loc":{"start":{"line":79,"column":60},"end":{"line":105,"column":1}}},"5":{"name":"(anonymous_5)","decl":{"start":{"line":89,"column":35},"end":{"line":89,"column":36}},"loc":{"start":{"line":89,"column":46},"end":{"line":100,"column":9}}},"6":{"name":"(anonymous_6)","decl":{"start":{"line":95,"column":47},"end":{"line":95,"column":48}},"loc":{"start":{"line":96,"column":24},"end":{"line":96,"column":56}}},"7":{"name":"sanitizeStateForAll","decl":{"start":{"line":107,"column":9},"end":{"line":107,"column":28}},"loc":{"start":{"line":107,"column":39},"end":{"line":130,"column":1}}},"8":{"name":"(anonymous_8)","decl":{"start":{"line":117,"column":35},"end":{"line":117,"column":36}},"loc":{"start":{"line":117,"column":48},"end":{"line":125,"column":10}}},"9":{"name":"(anonymous_9)","decl":{"start":{"line":121,"column":43},"end":{"line":121,"column":44}},"loc":{"start":{"line":122,"column":20},"end":{"line":122,"column":52}}},"10":{"name":"(anonymous_10)","decl":{"start":{"line":133,"column":12},"end":{"line":133,"column":15}},"loc":{"start":{"line":133,"column":17},"end":{"line":140,"column":1}}},"11":{"name":"initSocket","decl":{"start":{"line":142,"column":16},"end":{"line":142,"column":26}},"loc":{"start":{"line":142,"column":37},"end":{"line":448,"column":1}}},"12":{"name":"(anonymous_12)","decl":{"start":{"line":150,"column":24},"end":{"line":150,"column":25}},"loc":{"start":{"line":150,"column":43},"end":{"line":441,"column":5}}},"13":{"name":"(anonymous_13)","decl":{"start":{"line":157,"column":30},"end":{"line":157,"column":31}},"loc":{"start":{"line":157,"column":49},"end":{"line":159,"column":9}}},"14":{"name":"(anonymous_14)","decl":{"start":{"line":161,"column":32},"end":{"line":161,"column":37}},"loc":{"start":{"line":161,"column":86},"end":{"line":187,"column":9}}},"15":{"name":"(anonymous_15)","decl":{"start":{"line":189,"column":30},"end":{"line":189,"column":35}},"loc":{"start":{"line":189,"column":82},"end":{"line":241,"column":9}}},"16":{"name":"(anonymous_16)","decl":{"start":{"line":228,"column":27},"end":{"line":228,"column":30}},"loc":{"start":{"line":228,"column":32},"end":{"line":233,"column":17}}},"17":{"name":"(anonymous_17)","decl":{"start":{"line":243,"column":39},"end":{"line":243,"column":40}},"loc":{"start":{"line":243,"column":88},"end":{"line":253,"column":9}}},"18":{"name":"(anonymous_18)","decl":{"start":{"line":255,"column":31},"end":{"line":255,"column":32}},"loc":{"start":{"line":255,"column":99},"end":{"line":280,"column":9}}},"19":{"name":"(anonymous_19)","decl":{"start":{"line":282,"column":33},"end":{"line":282,"column":34}},"loc":{"start":{"line":282,"column":75},"end":{"line":299,"column":9}}},"20":{"name":"(anonymous_20)","decl":{"start":{"line":301,"column":37},"end":{"line":301,"column":38}},"loc":{"start":{"line":301,"column":125},"end":{"line":326,"column":9}}},"21":{"name":"(anonymous_21)","decl":{"start":{"line":328,"column":32},"end":{"line":328,"column":37}},"loc":{"start":{"line":328,"column":78},"end":{"line":359,"column":9}}},"22":{"name":"(anonymous_22)","decl":{"start":{"line":345,"column":62},"end":{"line":345,"column":63}},"loc":{"start":{"line":345,"column":68},"end":{"line":345,"column":106}}},"23":{"name":"(anonymous_23)","decl":{"start":{"line":350,"column":74},"end":{"line":350,"column":75}},"loc":{"start":{"line":350,"column":79},"end":{"line":350,"column":83}}},"24":{"name":"(anonymous_24)","decl":{"start":{"line":361,"column":31},"end":{"line":361,"column":32}},"loc":{"start":{"line":361,"column":54},"end":{"line":385,"column":9}}},"25":{"name":"(anonymous_25)","decl":{"start":{"line":372,"column":53},"end":{"line":372,"column":54}},"loc":{"start":{"line":372,"column":58},"end":{"line":372,"column":82}}},"26":{"name":"(anonymous_26)","decl":{"start":{"line":387,"column":33},"end":{"line":387,"column":34}},"loc":{"start":{"line":387,"column":64},"end":{"line":419,"column":9}}},"27":{"name":"(anonymous_27)","decl":{"start":{"line":402,"column":49},"end":{"line":402,"column":50}},"loc":{"start":{"line":402,"column":60},"end":{"line":410,"column":21}}},"28":{"name":"(anonymous_28)","decl":{"start":{"line":421,"column":32},"end":{"line":421,"column":33}},"loc":{"start":{"line":421,"column":43},"end":{"line":440,"column":9}}},"29":{"name":"(anonymous_29)","decl":{"start":{"line":425,"column":64},"end":{"line":425,"column":65}},"loc":{"start":{"line":425,"column":69},"end":{"line":425,"column":84}}},"30":{"name":"(anonymous_30)","decl":{"start":{"line":426,"column":32},"end":{"line":426,"column":38}},"loc":{"start":{"line":426,"column":41},"end":{"line":439,"column":13}}},"31":{"name":"(anonymous_31)","decl":{"start":{"line":444,"column":16},"end":{"line":444,"column":19}},"loc":{"start":{"line":444,"column":21},"end":{"line":447,"column":5}}}},"branchMap":{"0":{"loc":{"start":{"line":55,"column":4},"end":{"line":57,"column":5}},"type":"if","locations":[{"start":{"line":55,"column":4},"end":{"line":57,"column":5}},{"start":{},"end":{}}]},"1":{"loc":{"start":{"line":60,"column":52},"end":{"line":60,"column":71}},"type":"default-arg","locations":[{"start":{"line":60,"column":64},"end":{"line":60,"column":71}}]},"2":{"loc":{"start":{"line":66,"column":4},"end":{"line":68,"column":5}},"type":"if","locations":[{"start":{"line":66,"column":4},"end":{"line":68,"column":5}},{"start":{},"end":{}}]},"3":{"loc":{"start":{"line":83,"column":4},"end":{"line":85,"column":5}},"type":"if","locations":[{"start":{"line":83,"column":4},"end":{"line":85,"column":5}},{"start":{},"end":{}}]},"4":{"loc":{"start":{"line":83,"column":8},"end":{"line":83,"column":59}},"type":"binary-expr","locations":[{"start":{"line":83,"column":8},"end":{"line":83,"column":14}},{"start":{"line":83,"column":18},"end":{"line":83,"column":59}}]},"5":{"loc":{"start":{"line":90,"column":12},"end":{"line":90,"column":50}},"type":"if","locations":[{"start":{"line":90,"column":12},"end":{"line":90,"column":50}},{"start":{},"end":{}}]},"6":{"loc":{"start":{"line":94,"column":20},"end":{"line":98,"column":18}},"type":"binary-expr","locations":[{"start":{"line":94,"column":20},"end":{"line":94,"column":31}},{"start":{"line":94,"column":35},"end":{"line":98,"column":18}}]},"7":{"loc":{"start":{"line":96,"column":24},"end":{"line":96,"column":56}},"type":"cond-expr","locations":[{"start":{"line":96,"column":40},"end":{"line":96,"column":44}},{"start":{"line":96,"column":47},"end":{"line":96,"column":56}}]},"8":{"loc":{"start":{"line":111,"column":4},"end":{"line":113,"column":5}},"type":"if","locations":[{"start":{"line":111,"column":4},"end":{"line":113,"column":5}},{"start":{},"end":{}}]},"9":{"loc":{"start":{"line":111,"column":8},"end":{"line":111,"column":59}},"type":"binary-expr","locations":[{"start":{"line":111,"column":8},"end":{"line":111,"column":14}},{"start":{"line":111,"column":18},"end":{"line":111,"column":59}}]},"10":{"loc":{"start":{"line":120,"column":16},"end":{"line":124,"column":14}},"type":"binary-expr","locations":[{"start":{"line":120,"column":16},"end":{"line":120,"column":27}},{"start":{"line":120,"column":31},"end":{"line":124,"column":14}}]},"11":{"loc":{"start":{"line":122,"column":20},"end":{"line":122,"column":52}},"type":"cond-expr","locations":[{"start":{"line":122,"column":36},"end":{"line":122,"column":40}},{"start":{"line":122,"column":43},"end":{"line":122,"column":52}}]},"12":{"loc":{"start":{"line":136,"column":8},"end":{"line":138,"column":9}},"type":"if","locations":[{"start":{"line":136,"column":8},"end":{"line":138,"column":9}},{"start":{},"end":{}}]},"13":{"loc":{"start":{"line":163,"column":34},"end":{"line":163,"column":51}},"type":"default-arg","locations":[{"start":{"line":163,"column":46},"end":{"line":163,"column":51}}]},"14":{"loc":{"start":{"line":165,"column":61},"end":{"line":165,"column":77}},"type":"binary-expr","locations":[{"start":{"line":165,"column":61},"end":{"line":165,"column":69}},{"start":{"line":165,"column":73},"end":{"line":165,"column":77}}]},"15":{"loc":{"start":{"line":178,"column":29},"end":{"line":178,"column":48}},"type":"binary-expr","locations":[{"start":{"line":178,"column":29},"end":{"line":178,"column":42}},{"start":{"line":178,"column":46},"end":{"line":178,"column":48}}]},"16":{"loc":{"start":{"line":194,"column":16},"end":{"line":197,"column":17}},"type":"if","locations":[{"start":{"line":194,"column":16},"end":{"line":197,"column":17}},{"start":{},"end":{}}]},"17":{"loc":{"start":{"line":199,"column":16},"end":{"line":202,"column":17}},"type":"if","locations":[{"start":{"line":199,"column":16},"end":{"line":202,"column":17}},{"start":{},"end":{}}]},"18":{"loc":{"start":{"line":199,"column":20},"end":{"line":199,"column":81}},"type":"binary-expr","locations":[{"start":{"line":199,"column":20},"end":{"line":199,"column":34}},{"start":{"line":199,"column":38},"end":{"line":199,"column":51}},{"start":{"line":199,"column":55},"end":{"line":199,"column":81}}]},"19":{"loc":{"start":{"line":205,"column":16},"end":{"line":208,"column":17}},"type":"if","locations":[{"start":{"line":205,"column":16},"end":{"line":208,"column":17}},{"start":{},"end":{}}]},"20":{"loc":{"start":{"line":212,"column":20},"end":{"line":214,"column":21}},"type":"if","locations":[{"start":{"line":212,"column":20},"end":{"line":214,"column":21}},{"start":{},"end":{}}]},"21":{"loc":{"start":{"line":212,"column":24},"end":{"line":212,"column":55}},"type":"binary-expr","locations":[{"start":{"line":212,"column":24},"end":{"line":212,"column":39}},{"start":{"line":212,"column":43},"end":{"line":212,"column":55}}]},"22":{"loc":{"start":{"line":221,"column":54},"end":{"line":221,"column":80}},"type":"binary-expr","locations":[{"start":{"line":221,"column":54},"end":{"line":221,"column":75}},{"start":{"line":221,"column":79},"end":{"line":221,"column":80}}]},"23":{"loc":{"start":{"line":231,"column":33},"end":{"line":231,"column":52}},"type":"binary-expr","locations":[{"start":{"line":231,"column":33},"end":{"line":231,"column":46}},{"start":{"line":231,"column":50},"end":{"line":231,"column":52}}]},"24":{"loc":{"start":{"line":247,"column":29},"end":{"line":247,"column":48}},"type":"binary-expr","locations":[{"start":{"line":247,"column":29},"end":{"line":247,"column":42}},{"start":{"line":247,"column":46},"end":{"line":247,"column":48}}]},"25":{"loc":{"start":{"line":259,"column":16},"end":{"line":263,"column":17}},"type":"if","locations":[{"start":{"line":259,"column":16},"end":{"line":263,"column":17}},{"start":{"line":261,"column":23},"end":{"line":263,"column":17}}]},"26":{"loc":{"start":{"line":271,"column":29},"end":{"line":271,"column":48}},"type":"binary-expr","locations":[{"start":{"line":271,"column":29},"end":{"line":271,"column":42}},{"start":{"line":271,"column":46},"end":{"line":271,"column":48}}]},"27":{"loc":{"start":{"line":286,"column":32},"end":{"line":286,"column":52}},"type":"binary-expr","locations":[{"start":{"line":286,"column":32},"end":{"line":286,"column":42}},{"start":{"line":286,"column":46},"end":{"line":286,"column":52}}]},"28":{"loc":{"start":{"line":304,"column":66},"end":{"line":304,"column":93}},"type":"binary-expr","locations":[{"start":{"line":304,"column":66},"end":{"line":304,"column":76}},{"start":{"line":304,"column":80},"end":{"line":304,"column":93}}]},"29":{"loc":{"start":{"line":306,"column":16},"end":{"line":308,"column":17}},"type":"if","locations":[{"start":{"line":306,"column":16},"end":{"line":308,"column":17}},{"start":{},"end":{}}]},"30":{"loc":{"start":{"line":316,"column":29},"end":{"line":316,"column":48}},"type":"binary-expr","locations":[{"start":{"line":316,"column":29},"end":{"line":316,"column":42}},{"start":{"line":316,"column":46},"end":{"line":316,"column":48}}]},"31":{"loc":{"start":{"line":331,"column":16},"end":{"line":335,"column":17}},"type":"if","locations":[{"start":{"line":331,"column":16},"end":{"line":335,"column":17}},{"start":{},"end":{}}]},"32":{"loc":{"start":{"line":364,"column":16},"end":{"line":367,"column":17}},"type":"if","locations":[{"start":{"line":364,"column":16},"end":{"line":367,"column":17}},{"start":{},"end":{}}]},"33":{"loc":{"start":{"line":364,"column":20},"end":{"line":364,"column":66}},"type":"binary-expr","locations":[{"start":{"line":364,"column":20},"end":{"line":364,"column":25}},{"start":{"line":364,"column":29},"end":{"line":364,"column":39}},{"start":{"line":364,"column":43},"end":{"line":364,"column":66}}]},"34":{"loc":{"start":{"line":370,"column":16},"end":{"line":380,"column":17}},"type":"if","locations":[{"start":{"line":370,"column":16},"end":{"line":380,"column":17}},{"start":{},"end":{}}]},"35":{"loc":{"start":{"line":373,"column":20},"end":{"line":379,"column":21}},"type":"if","locations":[{"start":{"line":373,"column":20},"end":{"line":379,"column":21}},{"start":{"line":376,"column":27},"end":{"line":379,"column":21}}]},"36":{"loc":{"start":{"line":392,"column":16},"end":{"line":395,"column":17}},"type":"if","locations":[{"start":{"line":392,"column":16},"end":{"line":395,"column":17}},{"start":{},"end":{}}]},"37":{"loc":{"start":{"line":400,"column":16},"end":{"line":411,"column":17}},"type":"if","locations":[{"start":{"line":400,"column":16},"end":{"line":411,"column":17}},{"start":{},"end":{}}]},"38":{"loc":{"start":{"line":400,"column":20},"end":{"line":400,"column":56}},"type":"binary-expr","locations":[{"start":{"line":400,"column":20},"end":{"line":400,"column":32}},{"start":{"line":400,"column":36},"end":{"line":400,"column":56}}]},"39":{"loc":{"start":{"line":403,"column":45},"end":{"line":403,"column":69}},"type":"binary-expr","locations":[{"start":{"line":403,"column":45},"end":{"line":403,"column":55}},{"start":{"line":403,"column":59},"end":{"line":403,"column":69}}]},"40":{"loc":{"start":{"line":404,"column":24},"end":{"line":409,"column":25}},"type":"if","locations":[{"start":{"line":404,"column":24},"end":{"line":409,"column":25}},{"start":{},"end":{}}]},"41":{"loc":{"start":{"line":433,"column":33},"end":{"line":433,"column":52}},"type":"binary-expr","locations":[{"start":{"line":433,"column":33},"end":{"line":433,"column":46}},{"start":{"line":433,"column":50},"end":{"line":433,"column":52}}]}},"s":{"0":1,"1":1,"2":1,"3":1,"4":7,"5":6,"6":2,"7":2,"8":1,"9":2,"10":0,"11":1,"12":1,"13":1,"14":1,"15":1,"16":1,"17":0,"18":1,"19":1,"20":1,"21":0,"22":0,"23":1,"24":1,"25":1,"26":1,"27":1,"28":0,"29":1,"30":1,"31":0,"32":1,"33":1,"34":1,"35":0,"36":0,"37":0,"38":0,"39":9,"40":9,"41":9,"42":9,"43":8,"44":8,"45":8,"46":8,"47":1,"48":8,"49":2,"50":2,"51":2,"52":1,"53":1,"54":1,"55":1,"56":1,"57":1,"58":1,"59":1,"60":1,"61":1,"62":8,"63":2,"64":2,"65":2,"66":2,"67":1,"68":1,"69":1,"70":0,"71":0,"72":1,"73":1,"74":0,"75":0,"76":1,"77":0,"78":0,"79":1,"80":1,"81":1,"82":1,"83":1,"84":1,"85":1,"86":0,"87":1,"88":0,"89":0,"90":0,"91":8,"92":0,"93":0,"94":0,"95":0,"96":0,"97":0,"98":0,"99":8,"100":0,"101":0,"102":0,"103":0,"104":0,"105":0,"106":0,"107":0,"108":0,"109":0,"110":0,"111":0,"112":0,"113":8,"114":1,"115":1,"116":1,"117":1,"118":1,"119":0,"120":0,"121":0,"122":8,"123":0,"124":0,"125":0,"126":0,"127":0,"128":0,"129":0,"130":0,"131":0,"132":0,"133":0,"134":0,"135":0,"136":0,"137":8,"138":1,"139":1,"140":1,"141":0,"142":0,"143":0,"144":1,"145":1,"146":1,"147":1,"148":0,"149":1,"150":1,"151":0,"152":0,"153":0,"154":0,"155":1,"156":1,"157":1,"158":8,"159":0,"160":0,"161":0,"162":0,"163":0,"164":0,"165":0,"166":0,"167":0,"168":0,"169":0,"170":0,"171":0,"172":0,"173":8,"174":1,"175":1,"176":1,"177":1,"178":0,"179":0,"180":1,"181":1,"182":1,"183":1,"184":1,"185":1,"186":1,"187":1,"188":0,"189":0,"190":8,"191":0,"192":0,"193":0,"194":0,"195":0,"196":0,"197":0,"198":0,"199":0,"200":0,"201":0,"202":9},"f":{"0":7,"1":2,"2":2,"3":0,"4":1,"5":1,"6":0,"7":1,"8":1,"9":0,"10":0,"11":9,"12":8,"13":1,"14":2,"15":2,"16":0,"17":0,"18":0,"19":1,"20":0,"21":1,"22":0,"23":0,"24":0,"25":0,"26":1,"27":1,"28":0,"29":0,"30":0,"31":0},"b":{"0":[6,1],"1":[2],"2":[1,1],"3":[0,1],"4":[1,0],"5":[1,0],"6":[0,0],"7":[0,0],"8":[0,1],"9":[1,0],"10":[1,1],"11":[0,0],"12":[0,0],"13":[2],"14":[2,2],"15":[1,0],"16":[1,1],"17":[0,1],"18":[1,0,0],"19":[0,1],"20":[0,0],"21":[0,0],"22":[1,1],"23":[0,0],"24":[0,0],"25":[0,0],"26":[0,0],"27":[1,1],"28":[0,0],"29":[0,0],"30":[0,0],"31":[0,1],"32":[0,0],"33":[0,0,0],"34":[0,0],"35":[0,0],"36":[0,1],"37":[1,0],"38":[1,1],"39":[1,1],"40":[1,0],"41":[0,0]}}
,"C:\\Users\\malan\\Documents\\GitHub\\PlayGrid\\backend\\src\\games\\GameManager.ts": {"path":"C:\\Users\\malan\\Documents\\GitHub\\PlayGrid\\backend\\src\\games\\GameManager.ts","statementMap":{"0":{"start":{"line":14,"column":12},"end":{"line":14,"column":63}},"1":{"start":{"line":17,"column":12},"end":{"line":17,"column":57}},"2":{"start":{"line":20,"column":21},"end":{"line":20,"column":51}},"3":{"start":{"line":21,"column":21},"end":{"line":21,"column":54}},"4":{"start":{"line":24,"column":8},"end":{"line":24,"column":21}},"5":{"start":{"line":25,"column":8},"end":{"line":25,"column":33}},"6":{"start":{"line":29,"column":8},"end":{"line":29,"column":49}},"7":{"start":{"line":30,"column":8},"end":{"line":30,"column":55}},"8":{"start":{"line":34,"column":21},"end":{"line":34,"column":50}},"9":{"start":{"line":35,"column":8},"end":{"line":37,"column":9}},"10":{"start":{"line":36,"column":12},"end":{"line":36,"column":56}},"11":{"start":{"line":40,"column":8},"end":{"line":42,"column":9}},"12":{"start":{"line":41,"column":12},"end":{"line":41,"column":69}},"13":{"start":{"line":44,"column":22},"end":{"line":44,"column":52}},"14":{"start":{"line":45,"column":43},"end":{"line":50,"column":10}},"15":{"start":{"line":52,"column":8},"end":{"line":52,"column":51}},"16":{"start":{"line":53,"column":8},"end":{"line":53,"column":95}},"17":{"start":{"line":55,"column":8},"end":{"line":55,"column":21}},"18":{"start":{"line":59,"column":29},"end":{"line":59,"column":57}},"19":{"start":{"line":60,"column":8},"end":{"line":62,"column":9}},"20":{"start":{"line":61,"column":12},"end":{"line":61,"column":64}},"21":{"start":{"line":64,"column":32},"end":{"line":64,"column":44}},"22":{"start":{"line":67,"column":8},"end":{"line":69,"column":9}},"23":{"start":{"line":68,"column":12},"end":{"line":68,"column":62}},"24":{"start":{"line":72,"column":8},"end":{"line":72,"column":47}},"25":{"start":{"line":75,"column":25},"end":{"line":75,"column":65}},"26":{"start":{"line":76,"column":8},"end":{"line":76,"column":38}},"27":{"start":{"line":79,"column":8},"end":{"line":79,"column":51}},"28":{"start":{"line":81,"column":8},"end":{"line":81,"column":24}},"29":{"start":{"line":85,"column":29},"end":{"line":85,"column":57}},"30":{"start":{"line":86,"column":8},"end":{"line":90,"column":9}},"31":{"start":{"line":87,"column":12},"end":{"line":87,"column":57}},"32":{"start":{"line":88,"column":12},"end":{"line":88,"column":44}},"33":{"start":{"line":89,"column":12},"end":{"line":89,"column":50}},"34":{"start":{"line":94,"column":29},"end":{"line":94,"column":57}},"35":{"start":{"line":95,"column":8},"end":{"line":99,"column":9}},"36":{"start":{"line":97,"column":12},"end":{"line":97,"column":51}},"37":{"start":{"line":98,"column":12},"end":{"line":98,"column":38}},"38":{"start":{"line":100,"column":8},"end":{"line":100,"column":25}},"39":{"start":{"line":104,"column":29},"end":{"line":104,"column":57}},"40":{"start":{"line":105,"column":8},"end":{"line":105,"column":34}},"41":{"start":{"line":109,"column":8},"end":{"line":109,"column":44}},"42":{"start":{"line":113,"column":8},"end":{"line":113,"column":37}},"43":{"start":{"line":117,"column":29},"end":{"line":117,"column":57}},"44":{"start":{"line":118,"column":8},"end":{"line":118,"column":39}},"45":{"start":{"line":118,"column":27},"end":{"line":118,"column":39}},"46":{"start":{"line":120,"column":8},"end":{"line":124,"column":10}},"47":{"start":{"line":128,"column":8},"end":{"line":130,"column":34}},"48":{"start":{"line":129,"column":12},"end":{"line":129,"column":34}},"49":{"start":{"line":134,"column":20},"end":{"line":134,"column":30}},"50":{"start":{"line":135,"column":40},"end":{"line":135,"column":42}},"51":{"start":{"line":137,"column":8},"end":{"line":141,"column":9}},"52":{"start":{"line":138,"column":12},"end":{"line":140,"column":13}},"53":{"start":{"line":139,"column":16},"end":{"line":139,"column":43}},"54":{"start":{"line":143,"column":8},"end":{"line":148,"column":9}},"55":{"start":{"line":144,"column":12},"end":{"line":144,"column":78}},"56":{"start":{"line":145,"column":12},"end":{"line":147,"column":15}},"57":{"start":{"line":146,"column":16},"end":{"line":146,"column":37}},"58":{"start":{"line":153,"column":8},"end":{"line":153,"column":30}},"59":{"start":{"line":162,"column":27},"end":{"line":162,"column":28}},"60":{"start":{"line":163,"column":8},"end":{"line":165,"column":9}},"61":{"start":{"line":164,"column":12},"end":{"line":164,"column":68}},"62":{"start":{"line":167,"column":8},"end":{"line":171,"column":10}},"63":{"start":{"line":11,"column":0},"end":{"line":11,"column":13}}},"fnMap":{"0":{"name":"(anonymous_0)","decl":{"start":{"line":23,"column":4},"end":{"line":23,"column":16}},"loc":{"start":{"line":23,"column":26},"end":{"line":26,"column":5}}},"1":{"name":"(anonymous_1)","decl":{"start":{"line":28,"column":4},"end":{"line":28,"column":16}},"loc":{"start":{"line":28,"column":28},"end":{"line":31,"column":5}}},"2":{"name":"(anonymous_2)","decl":{"start":{"line":33,"column":4},"end":{"line":33,"column":13}},"loc":{"start":{"line":33,"column":60},"end":{"line":56,"column":5}}},"3":{"name":"(anonymous_3)","decl":{"start":{"line":58,"column":4},"end":{"line":58,"column":16}},"loc":{"start":{"line":58,"column":51},"end":{"line":82,"column":5}}},"4":{"name":"(anonymous_4)","decl":{"start":{"line":84,"column":4},"end":{"line":84,"column":11}},"loc":{"start":{"line":84,"column":26},"end":{"line":91,"column":5}}},"5":{"name":"(anonymous_5)","decl":{"start":{"line":93,"column":4},"end":{"line":93,"column":16}},"loc":{"start":{"line":93,"column":31},"end":{"line":101,"column":5}}},"6":{"name":"(anonymous_6)","decl":{"start":{"line":103,"column":4},"end":{"line":103,"column":19}},"loc":{"start":{"line":103,"column":34},"end":{"line":106,"column":5}}},"7":{"name":"(anonymous_7)","decl":{"start":{"line":108,"column":4},"end":{"line":108,"column":16}},"loc":{"start":{"line":108,"column":31},"end":{"line":110,"column":5}}},"8":{"name":"(anonymous_8)","decl":{"start":{"line":112,"column":4},"end":{"line":112,"column":23}},"loc":{"start":{"line":112,"column":23},"end":{"line":114,"column":5}}},"9":{"name":"(anonymous_9)","decl":{"start":{"line":116,"column":4},"end":{"line":116,"column":15}},"loc":{"start":{"line":116,"column":30},"end":{"line":125,"column":5}}},"10":{"name":"(anonymous_10)","decl":{"start":{"line":127,"column":12},"end":{"line":127,"column":29}},"loc":{"start":{"line":127,"column":29},"end":{"line":131,"column":5}}},"11":{"name":"(anonymous_11)","decl":{"start":{"line":128,"column":20},"end":{"line":128,"column":23}},"loc":{"start":{"line":128,"column":25},"end":{"line":130,"column":9}}},"12":{"name":"(anonymous_12)","decl":{"start":{"line":133,"column":12},"end":{"line":133,"column":26}},"loc":{"start":{"line":133,"column":26},"end":{"line":149,"column":5}}},"13":{"name":"(anonymous_13)","decl":{"start":{"line":145,"column":34},"end":{"line":145,"column":40}},"loc":{"start":{"line":145,"column":43},"end":{"line":147,"column":13}}},"14":{"name":"(anonymous_14)","decl":{"start":{"line":152,"column":11},"end":{"line":152,"column":31}},"loc":{"start":{"line":152,"column":31},"end":{"line":154,"column":5}}},"15":{"name":"(anonymous_15)","decl":{"start":{"line":157,"column":4},"end":{"line":157,"column":12}},"loc":{"start":{"line":157,"column":12},"end":{"line":172,"column":5}}}},"branchMap":{"0":{"loc":{"start":{"line":35,"column":8},"end":{"line":37,"column":9}},"type":"if","locations":[{"start":{"line":35,"column":8},"end":{"line":37,"column":9}},{"start":{},"end":{}}]},"1":{"loc":{"start":{"line":40,"column":8},"end":{"line":42,"column":9}},"type":"if","locations":[{"start":{"line":40,"column":8},"end":{"line":42,"column":9}},{"start":{},"end":{}}]},"2":{"loc":{"start":{"line":60,"column":8},"end":{"line":62,"column":9}},"type":"if","locations":[{"start":{"line":60,"column":8},"end":{"line":62,"column":9}},{"start":{},"end":{}}]},"3":{"loc":{"start":{"line":67,"column":8},"end":{"line":69,"column":9}},"type":"if","locations":[{"start":{"line":67,"column":8},"end":{"line":69,"column":9}},{"start":{},"end":{}}]},"4":{"loc":{"start":{"line":86,"column":8},"end":{"line":90,"column":9}},"type":"if","locations":[{"start":{"line":86,"column":8},"end":{"line":90,"column":9}},{"start":{},"end":{}}]},"5":{"loc":{"start":{"line":95,"column":8},"end":{"line":99,"column":9}},"type":"if","locations":[{"start":{"line":95,"column":8},"end":{"line":99,"column":9}},{"start":{},"end":{}}]},"6":{"loc":{"start":{"line":118,"column":8},"end":{"line":118,"column":39}},"type":"if","locations":[{"start":{"line":118,"column":8},"end":{"line":118,"column":39}},{"start":{},"end":{}}]},"7":{"loc":{"start":{"line":122,"column":25},"end":{"line":122,"column":64}},"type":"binary-expr","locations":[{"start":{"line":122,"column":25},"end":{"line":122,"column":59}},{"start":{"line":122,"column":63},"end":{"line":122,"column":64}}]},"8":{"loc":{"start":{"line":138,"column":12},"end":{"line":140,"column":13}},"type":"if","locations":[{"start":{"line":138,"column":12},"end":{"line":140,"column":13}},{"start":{},"end":{}}]},"9":{"loc":{"start":{"line":143,"column":8},"end":{"line":148,"column":9}},"type":"if","locations":[{"start":{"line":143,"column":8},"end":{"line":148,"column":9}},{"start":{},"end":{}}]},"10":{"loc":{"start":{"line":164,"column":28},"end":{"line":164,"column":67}},"type":"binary-expr","locations":[{"start":{"line":164,"column":28},"end":{"line":164,"column":62}},{"start":{"line":164,"column":66},"end":{"line":164,"column":67}}]}},"s":{"0":0,"1":0,"2":0,"3":0,"4":0,"5":0,"6":0,"7":0,"8":0,"9":0,"10":0,"11":0,"12":0,"13":0,"14":0,"15":0,"16":0,"17":0,"18":0,"19":0,"20":0,"21":0,"22":0,"23":0,"24":0,"25":0,"26":0,"27":0,"28":0,"29":0,"30":0,"31":0,"32":0,"33":0,"34":0,"35":0,"36":0,"37":0,"38":0,"39":0,"40":0,"41":0,"42":0,"43":0,"44":0,"45":0,"46":0,"47":0,"48":0,"49":0,"50":0,"51":0,"52":0,"53":0,"54":0,"55":0,"56":0,"57":0,"58":0,"59":0,"60":0,"61":0,"62":0,"63":1},"f":{"0":0,"1":0,"2":0,"3":0,"4":0,"5":0,"6":0,"7":0,"8":0,"9":0,"10":0,"11":0,"12":0,"13":0,"14":0,"15":0},"b":{"0":[0,0],"1":[0,0],"2":[0,0],"3":[0,0],"4":[0,0],"5":[0,0],"6":[0,0],"7":[0,0],"8":[0,0],"9":[0,0],"10":[0,0]}}
,"C:\\Users\\malan\\Documents\\GitHub\\PlayGrid\\backend\\src\\games\\coup\\CoupGame.ts": {"path":"C:\\Users\\malan\\Documents\\GitHub\\PlayGrid\\backend\\src\\games\\coup\\CoupGame.ts","statementMap":{"0":{"start":{"line":31,"column":4},"end":{"line":31,"column":20}},"1":{"start":{"line":35,"column":34},"end":{"line":35,"column":36}},"2":{"start":{"line":36,"column":38},"end":{"line":36,"column":95}},"3":{"start":{"line":37,"column":8},"end":{"line":41,"column":9}},"4":{"start":{"line":38,"column":12},"end":{"line":40,"column":13}},"5":{"start":{"line":38,"column":25},"end":{"line":38,"column":26}},"6":{"start":{"line":39,"column":16},"end":{"line":39,"column":33}},"7":{"start":{"line":42,"column":8},"end":{"line":42,"column":35}},"8":{"start":{"line":46,"column":8},"end":{"line":46,"column":58}},"9":{"start":{"line":46,"column":37},"end":{"line":46,"column":56}},"10":{"start":{"line":50,"column":19},"end":{"line":50,"column":36}},"11":{"start":{"line":51,"column":42},"end":{"line":60,"column":10}},"12":{"start":{"line":52,"column":30},"end":{"line":52,"column":56}},"13":{"start":{"line":53,"column":12},"end":{"line":59,"column":14}},"14":{"start":{"line":62,"column":8},"end":{"line":66,"column":10}},"15":{"start":{"line":69,"column":23},"end":{"line":69,"column":78}},"16":{"start":{"line":69,"column":47},"end":{"line":69,"column":77}},"17":{"start":{"line":70,"column":8},"end":{"line":70,"column":53}},"18":{"start":{"line":70,"column":40},"end":{"line":70,"column":53}},"19":{"start":{"line":73,"column":8},"end":{"line":75,"column":9}},"20":{"start":{"line":74,"column":12},"end":{"line":74,"column":25}},"21":{"start":{"line":78,"column":8},"end":{"line":80,"column":9}},"22":{"start":{"line":79,"column":12},"end":{"line":79,"column":25}},"23":{"start":{"line":82,"column":8},"end":{"line":105,"column":9}},"24":{"start":{"line":87,"column":16},"end":{"line":87,"column":28}},"25":{"start":{"line":90,"column":16},"end":{"line":90,"column":113}},"26":{"start":{"line":93,"column":16},"end":{"line":93,"column":113}},"27":{"start":{"line":96,"column":16},"end":{"line":96,"column":92}},"28":{"start":{"line":101,"column":16},"end":{"line":101,"column":28}},"29":{"start":{"line":104,"column":16},"end":{"line":104,"column":29}},"30":{"start":{"line":109,"column":23},"end":{"line":109,"column":71}},"31":{"start":{"line":109,"column":47},"end":{"line":109,"column":70}},"32":{"start":{"line":110,"column":8},"end":{"line":110,"column":72}},"33":{"start":{"line":115,"column":23},"end":{"line":115,"column":78}},"34":{"start":{"line":115,"column":47},"end":{"line":115,"column":77}},"35":{"start":{"line":116,"column":8},"end":{"line":116,"column":53}},"36":{"start":{"line":116,"column":40},"end":{"line":116,"column":53}},"37":{"start":{"line":118,"column":8},"end":{"line":171,"column":9}},"38":{"start":{"line":120,"column":16},"end":{"line":120,"column":34}},"39":{"start":{"line":121,"column":16},"end":{"line":121,"column":22}},"40":{"start":{"line":125,"column":16},"end":{"line":125,"column":93}},"41":{"start":{"line":126,"column":16},"end":{"line":126,"column":22}},"42":{"start":{"line":130,"column":16},"end":{"line":130,"column":85}},"43":{"start":{"line":131,"column":16},"end":{"line":131,"column":22}},"44":{"start":{"line":134,"column":16},"end":{"line":134,"column":34}},"45":{"start":{"line":135,"column":16},"end":{"line":135,"column":67}},"46":{"start":{"line":136,"column":16},"end":{"line":136,"column":22}},"47":{"start":{"line":139,"column":16},"end":{"line":139,"column":34}},"48":{"start":{"line":140,"column":16},"end":{"line":140,"column":130}},"49":{"start":{"line":141,"column":16},"end":{"line":141,"column":22}},"50":{"start":{"line":144,"column":16},"end":{"line":144,"column":124}},"51":{"start":{"line":145,"column":16},"end":{"line":145,"column":22}},"52":{"start":{"line":148,"column":16},"end":{"line":148,"column":90}},"53":{"start":{"line":149,"column":16},"end":{"line":149,"column":22}},"54":{"start":{"line":153,"column":16},"end":{"line":160,"column":17}},"55":{"start":{"line":154,"column":20},"end":{"line":159,"column":22}},"56":{"start":{"line":161,"column":16},"end":{"line":161,"column":22}},"57":{"start":{"line":164,"column":16},"end":{"line":164,"column":87}},"58":{"start":{"line":165,"column":16},"end":{"line":165,"column":22}},"59":{"start":{"line":169,"column":16},"end":{"line":169,"column":49}},"60":{"start":{"line":170,"column":16},"end":{"line":170,"column":22}},"61":{"start":{"line":173,"column":8},"end":{"line":175,"column":9}},"62":{"start":{"line":174,"column":12},"end":{"line":174,"column":36}},"63":{"start":{"line":177,"column":8},"end":{"line":177,"column":21}},"64":{"start":{"line":181,"column":30},"end":{"line":181,"column":85}},"65":{"start":{"line":181,"column":54},"end":{"line":181,"column":84}},"66":{"start":{"line":182,"column":27},"end":{"line":182,"column":79}},"67":{"start":{"line":182,"column":51},"end":{"line":182,"column":78}},"68":{"start":{"line":183,"column":8},"end":{"line":183,"column":50}},"69":{"start":{"line":183,"column":43},"end":{"line":183,"column":50}},"70":{"start":{"line":185,"column":28},"end":{"line":185,"column":53}},"71":{"start":{"line":186,"column":29},"end":{"line":186,"column":72}},"72":{"start":{"line":188,"column":8},"end":{"line":201,"column":9}},"73":{"start":{"line":190,"column":12},"end":{"line":190,"column":52}},"74":{"start":{"line":192,"column":12},"end":{"line":192,"column":94}},"75":{"start":{"line":192,"column":74},"end":{"line":192,"column":92}},"76":{"start":{"line":193,"column":12},"end":{"line":193,"column":42}},"77":{"start":{"line":194,"column":12},"end":{"line":194,"column":50}},"78":{"start":{"line":195,"column":12},"end":{"line":195,"column":60}},"79":{"start":{"line":198,"column":12},"end":{"line":198,"column":55}},"80":{"start":{"line":200,"column":12},"end":{"line":200,"column":44}},"81":{"start":{"line":205,"column":8},"end":{"line":211,"column":9}},"82":{"start":{"line":206,"column":24},"end":{"line":206,"column":38}},"83":{"start":{"line":207,"column":32},"end":{"line":207,"column":50}},"84":{"start":{"line":208,"column":26},"end":{"line":208,"column":43}},"85":{"start":{"line":209,"column":29},"end":{"line":209,"column":49}},"86":{"start":{"line":210,"column":21},"end":{"line":210,"column":78}},"87":{"start":{"line":215,"column":23},"end":{"line":215,"column":42}},"88":{"start":{"line":216,"column":8},"end":{"line":216,"column":28}},"89":{"start":{"line":216,"column":21},"end":{"line":216,"column":28}},"90":{"start":{"line":217,"column":21},"end":{"line":217,"column":80}},"91":{"start":{"line":217,"column":45},"end":{"line":217,"column":79}},"92":{"start":{"line":218,"column":19},"end":{"line":218,"column":108}},"93":{"start":{"line":218,"column":63},"end":{"line":218,"column":95}},"94":{"start":{"line":219,"column":8},"end":{"line":219,"column":56}},"95":{"start":{"line":219,"column":49},"end":{"line":219,"column":56}},"96":{"start":{"line":221,"column":8},"end":{"line":244,"column":9}},"97":{"start":{"line":223,"column":16},"end":{"line":223,"column":32}},"98":{"start":{"line":224,"column":16},"end":{"line":224,"column":22}},"99":{"start":{"line":226,"column":16},"end":{"line":226,"column":32}},"100":{"start":{"line":227,"column":16},"end":{"line":227,"column":22}},"101":{"start":{"line":229,"column":16},"end":{"line":229,"column":56}},"102":{"start":{"line":230,"column":16},"end":{"line":230,"column":22}},"103":{"start":{"line":232,"column":31},"end":{"line":232,"column":53}},"104":{"start":{"line":233,"column":16},"end":{"line":233,"column":36}},"105":{"start":{"line":234,"column":16},"end":{"line":234,"column":37}},"106":{"start":{"line":235,"column":16},"end":{"line":235,"column":22}},"107":{"start":{"line":237,"column":30},"end":{"line":237,"column":68}},"108":{"start":{"line":238,"column":33},"end":{"line":238,"column":62}},"109":{"start":{"line":240,"column":16},"end":{"line":240,"column":54}},"110":{"start":{"line":241,"column":16},"end":{"line":241,"column":54}},"111":{"start":{"line":242,"column":16},"end":{"line":242,"column":54}},"112":{"start":{"line":243,"column":16},"end":{"line":243,"column":22}},"113":{"start":{"line":245,"column":8},"end":{"line":245,"column":40}},"114":{"start":{"line":251,"column":23},"end":{"line":251,"column":71}},"115":{"start":{"line":251,"column":47},"end":{"line":251,"column":70}},"116":{"start":{"line":252,"column":8},"end":{"line":252,"column":28}},"117":{"start":{"line":252,"column":21},"end":{"line":252,"column":28}},"118":{"start":{"line":253,"column":8},"end":{"line":256,"column":9}},"119":{"start":{"line":254,"column":29},"end":{"line":254,"column":52}},"120":{"start":{"line":255,"column":12},"end":{"line":255,"column":48}},"121":{"start":{"line":257,"column":8},"end":{"line":260,"column":9}},"122":{"start":{"line":258,"column":12},"end":{"line":258,"column":35}},"123":{"start":{"line":259,"column":12},"end":{"line":259,"column":36}},"124":{"start":{"line":264,"column":29},"end":{"line":264,"column":65}},"125":{"start":{"line":264,"column":55},"end":{"line":264,"column":64}},"126":{"start":{"line":265,"column":29},"end":{"line":265,"column":98}},"127":{"start":{"line":265,"column":57},"end":{"line":265,"column":97}},"128":{"start":{"line":266,"column":26},"end":{"line":266,"column":66}},"129":{"start":{"line":267,"column":8},"end":{"line":267,"column":69}},"130":{"start":{"line":271,"column":29},"end":{"line":271,"column":65}},"131":{"start":{"line":271,"column":55},"end":{"line":271,"column":64}},"132":{"start":{"line":272,"column":8},"end":{"line":274,"column":9}},"133":{"start":{"line":273,"column":12},"end":{"line":273,"column":54}},"134":{"start":{"line":30,"column":0},"end":{"line":30,"column":13}}},"fnMap":{"0":{"name":"(anonymous_0)","decl":{"start":{"line":30,"column":0},"end":{"line":30,"column":13}},"loc":{"start":{"line":30,"column":0},"end":{"line":276,"column":1}}},"1":{"name":"(anonymous_1)","decl":{"start":{"line":34,"column":12},"end":{"line":34,"column":22}},"loc":{"start":{"line":34,"column":22},"end":{"line":43,"column":5}}},"2":{"name":"(anonymous_2)","decl":{"start":{"line":45,"column":12},"end":{"line":45,"column":19}},"loc":{"start":{"line":45,"column":33},"end":{"line":47,"column":5}}},"3":{"name":"(anonymous_3)","decl":{"start":{"line":46,"column":31},"end":{"line":46,"column":34}},"loc":{"start":{"line":46,"column":37},"end":{"line":46,"column":56}}},"4":{"name":"(anonymous_4)","decl":{"start":{"line":49,"column":4},"end":{"line":49,"column":12}},"loc":{"start":{"line":49,"column":46},"end":{"line":67,"column":5}}},"5":{"name":"(anonymous_5)","decl":{"start":{"line":51,"column":54},"end":{"line":51,"column":55}},"loc":{"start":{"line":51,"column":60},"end":{"line":60,"column":9}}},"6":{"name":"(anonymous_6)","decl":{"start":{"line":68,"column":4},"end":{"line":68,"column":18}},"loc":{"start":{"line":68,"column":59},"end":{"line":106,"column":5}}},"7":{"name":"(anonymous_7)","decl":{"start":{"line":69,"column":42},"end":{"line":69,"column":43}},"loc":{"start":{"line":69,"column":47},"end":{"line":69,"column":77}}},"8":{"name":"(anonymous_8)","decl":{"start":{"line":108,"column":12},"end":{"line":108,"column":25}},"loc":{"start":{"line":108,"column":80},"end":{"line":111,"column":5}}},"9":{"name":"(anonymous_9)","decl":{"start":{"line":109,"column":42},"end":{"line":109,"column":43}},"loc":{"start":{"line":109,"column":47},"end":{"line":109,"column":70}}},"10":{"name":"(anonymous_10)","decl":{"start":{"line":114,"column":4},"end":{"line":114,"column":16}},"loc":{"start":{"line":114,"column":73},"end":{"line":178,"column":5}}},"11":{"name":"(anonymous_11)","decl":{"start":{"line":115,"column":42},"end":{"line":115,"column":43}},"loc":{"start":{"line":115,"column":47},"end":{"line":115,"column":77}}},"12":{"name":"(anonymous_12)","decl":{"start":{"line":180,"column":12},"end":{"line":180,"column":28}},"loc":{"start":{"line":180,"column":96},"end":{"line":202,"column":5}}},"13":{"name":"(anonymous_13)","decl":{"start":{"line":181,"column":49},"end":{"line":181,"column":50}},"loc":{"start":{"line":181,"column":54},"end":{"line":181,"column":84}}},"14":{"name":"(anonymous_14)","decl":{"start":{"line":182,"column":46},"end":{"line":182,"column":47}},"loc":{"start":{"line":182,"column":51},"end":{"line":182,"column":78}}},"15":{"name":"(anonymous_15)","decl":{"start":{"line":192,"column":69},"end":{"line":192,"column":70}},"loc":{"start":{"line":192,"column":74},"end":{"line":192,"column":92}}},"16":{"name":"(anonymous_16)","decl":{"start":{"line":204,"column":12},"end":{"line":204,"column":36}},"loc":{"start":{"line":204,"column":55},"end":{"line":212,"column":5}}},"17":{"name":"(anonymous_17)","decl":{"start":{"line":214,"column":12},"end":{"line":214,"column":32}},"loc":{"start":{"line":214,"column":53},"end":{"line":246,"column":5}}},"18":{"name":"(anonymous_18)","decl":{"start":{"line":217,"column":40},"end":{"line":217,"column":41}},"loc":{"start":{"line":217,"column":45},"end":{"line":217,"column":79}}},"19":{"name":"(anonymous_19)","decl":{"start":{"line":218,"column":58},"end":{"line":218,"column":59}},"loc":{"start":{"line":218,"column":63},"end":{"line":218,"column":95}}},"20":{"name":"(anonymous_20)","decl":{"start":{"line":250,"column":12},"end":{"line":250,"column":25}},"loc":{"start":{"line":250,"column":64},"end":{"line":261,"column":5}}},"21":{"name":"(anonymous_21)","decl":{"start":{"line":251,"column":42},"end":{"line":251,"column":43}},"loc":{"start":{"line":251,"column":47},"end":{"line":251,"column":70}}},"22":{"name":"(anonymous_22)","decl":{"start":{"line":263,"column":12},"end":{"line":263,"column":23}},"loc":{"start":{"line":263,"column":44},"end":{"line":268,"column":5}}},"23":{"name":"(anonymous_23)","decl":{"start":{"line":264,"column":50},"end":{"line":264,"column":51}},"loc":{"start":{"line":264,"column":55},"end":{"line":264,"column":64}}},"24":{"name":"(anonymous_24)","decl":{"start":{"line":265,"column":52},"end":{"line":265,"column":53}},"loc":{"start":{"line":265,"column":57},"end":{"line":265,"column":97}}},"25":{"name":"(anonymous_25)","decl":{"start":{"line":270,"column":12},"end":{"line":270,"column":23}},"loc":{"start":{"line":270,"column":44},"end":{"line":275,"column":5}}},"26":{"name":"(anonymous_26)","decl":{"start":{"line":271,"column":50},"end":{"line":271,"column":51}},"loc":{"start":{"line":271,"column":55},"end":{"line":271,"column":64}}}},"branchMap":{"0":{"loc":{"start":{"line":70,"column":8},"end":{"line":70,"column":53}},"type":"if","locations":[{"start":{"line":70,"column":8},"end":{"line":70,"column":53}},{"start":{},"end":{}}]},"1":{"loc":{"start":{"line":70,"column":12},"end":{"line":70,"column":38}},"type":"binary-expr","locations":[{"start":{"line":70,"column":12},"end":{"line":70,"column":19}},{"start":{"line":70,"column":23},"end":{"line":70,"column":38}}]},"2":{"loc":{"start":{"line":73,"column":8},"end":{"line":75,"column":9}},"type":"if","locations":[{"start":{"line":73,"column":8},"end":{"line":75,"column":9}},{"start":{},"end":{}}]},"3":{"loc":{"start":{"line":73,"column":12},"end":{"line":73,"column":98}},"type":"binary-expr","locations":[{"start":{"line":73,"column":12},"end":{"line":73,"column":31}},{"start":{"line":73,"column":35},"end":{"line":73,"column":98}}]},"4":{"loc":{"start":{"line":78,"column":8},"end":{"line":80,"column":9}},"type":"if","locations":[{"start":{"line":78,"column":8},"end":{"line":80,"column":9}},{"start":{},"end":{}}]},"5":{"loc":{"start":{"line":78,"column":12},"end":{"line":78,"column":56}},"type":"binary-expr","locations":[{"start":{"line":78,"column":12},"end":{"line":78,"column":30}},{"start":{"line":78,"column":34},"end":{"line":78,"column":56}}]},"6":{"loc":{"start":{"line":82,"column":8},"end":{"line":105,"column":9}},"type":"switch","locations":[{"start":{"line":83,"column":12},"end":{"line":83,"column":26}},{"start":{"line":84,"column":12},"end":{"line":84,"column":23}},{"start":{"line":85,"column":12},"end":{"line":85,"column":31}},{"start":{"line":86,"column":12},"end":{"line":87,"column":28}},{"start":{"line":89,"column":12},"end":{"line":90,"column":113}},{"start":{"line":92,"column":12},"end":{"line":93,"column":113}},{"start":{"line":95,"column":12},"end":{"line":96,"column":92}},{"start":{"line":98,"column":12},"end":{"line":98,"column":25}},{"start":{"line":99,"column":12},"end":{"line":99,"column":29}},{"start":{"line":100,"column":12},"end":{"line":101,"column":28}},{"start":{"line":103,"column":12},"end":{"line":104,"column":29}}]},"7":{"loc":{"start":{"line":90,"column":23},"end":{"line":90,"column":112}},"type":"binary-expr","locations":[{"start":{"line":90,"column":23},"end":{"line":90,"column":40}},{"start":{"line":90,"column":44},"end":{"line":90,"column":112}}]},"8":{"loc":{"start":{"line":93,"column":23},"end":{"line":93,"column":112}},"type":"binary-expr","locations":[{"start":{"line":93,"column":23},"end":{"line":93,"column":40}},{"start":{"line":93,"column":44},"end":{"line":93,"column":112}}]},"9":{"loc":{"start":{"line":110,"column":15},"end":{"line":110,"column":71}},"type":"binary-expr","locations":[{"start":{"line":110,"column":15},"end":{"line":110,"column":23}},{"start":{"line":110,"column":27},"end":{"line":110,"column":41}},{"start":{"line":110,"column":45},"end":{"line":110,"column":71}}]},"10":{"loc":{"start":{"line":116,"column":8},"end":{"line":116,"column":53}},"type":"if","locations":[{"start":{"line":116,"column":8},"end":{"line":116,"column":53}},{"start":{},"end":{}}]},"11":{"loc":{"start":{"line":116,"column":12},"end":{"line":116,"column":38}},"type":"binary-expr","locations":[{"start":{"line":116,"column":12},"end":{"line":116,"column":19}},{"start":{"line":116,"column":23},"end":{"line":116,"column":38}}]},"12":{"loc":{"start":{"line":118,"column":8},"end":{"line":171,"column":9}},"type":"switch","locations":[{"start":{"line":119,"column":12},"end":{"line":121,"column":22}},{"start":{"line":123,"column":12},"end":{"line":126,"column":22}},{"start":{"line":128,"column":12},"end":{"line":131,"column":22}},{"start":{"line":133,"column":12},"end":{"line":136,"column":22}},{"start":{"line":138,"column":12},"end":{"line":141,"column":22}},{"start":{"line":143,"column":12},"end":{"line":145,"column":22}},{"start":{"line":147,"column":12},"end":{"line":149,"column":22}},{"start":{"line":151,"column":12},"end":{"line":161,"column":22}},{"start":{"line":163,"column":12},"end":{"line":165,"column":22}},{"start":{"line":167,"column":12},"end":{"line":170,"column":22}}]},"13":{"loc":{"start":{"line":153,"column":16},"end":{"line":160,"column":17}},"type":"if","locations":[{"start":{"line":153,"column":16},"end":{"line":160,"column":17}},{"start":{},"end":{}}]},"14":{"loc":{"start":{"line":153,"column":20},"end":{"line":153,"column":103}},"type":"binary-expr","locations":[{"start":{"line":153,"column":20},"end":{"line":153,"column":39}},{"start":{"line":153,"column":43},"end":{"line":153,"column":67}},{"start":{"line":153,"column":71},"end":{"line":153,"column":103}}]},"15":{"loc":{"start":{"line":173,"column":8},"end":{"line":175,"column":9}},"type":"if","locations":[{"start":{"line":173,"column":8},"end":{"line":175,"column":9}},{"start":{},"end":{}}]},"16":{"loc":{"start":{"line":173,"column":12},"end":{"line":173,"column":102}},"type":"binary-expr","locations":[{"start":{"line":173,"column":12},"end":{"line":173,"column":39}},{"start":{"line":173,"column":43},"end":{"line":173,"column":66}},{"start":{"line":173,"column":70},"end":{"line":173,"column":102}}]},"17":{"loc":{"start":{"line":183,"column":8},"end":{"line":183,"column":50}},"type":"if","locations":[{"start":{"line":183,"column":8},"end":{"line":183,"column":50}},{"start":{},"end":{}}]},"18":{"loc":{"start":{"line":183,"column":12},"end":{"line":183,"column":41}},"type":"binary-expr","locations":[{"start":{"line":183,"column":12},"end":{"line":183,"column":26}},{"start":{"line":183,"column":30},"end":{"line":183,"column":41}}]},"19":{"loc":{"start":{"line":188,"column":8},"end":{"line":201,"column":9}},"type":"if","locations":[{"start":{"line":188,"column":8},"end":{"line":201,"column":9}},{"start":{"line":196,"column":15},"end":{"line":201,"column":9}}]},"20":{"loc":{"start":{"line":205,"column":8},"end":{"line":211,"column":9}},"type":"switch","locations":[{"start":{"line":206,"column":12},"end":{"line":206,"column":38}},{"start":{"line":207,"column":12},"end":{"line":207,"column":50}},{"start":{"line":208,"column":12},"end":{"line":208,"column":43}},{"start":{"line":209,"column":12},"end":{"line":209,"column":49}},{"start":{"line":210,"column":12},"end":{"line":210,"column":78}}]},"21":{"loc":{"start":{"line":216,"column":8},"end":{"line":216,"column":28}},"type":"if","locations":[{"start":{"line":216,"column":8},"end":{"line":216,"column":28}},{"start":{},"end":{}}]},"22":{"loc":{"start":{"line":218,"column":19},"end":{"line":218,"column":108}},"type":"cond-expr","locations":[{"start":{"line":218,"column":39},"end":{"line":218,"column":96}},{"start":{"line":218,"column":99},"end":{"line":218,"column":108}}]},"23":{"loc":{"start":{"line":219,"column":8},"end":{"line":219,"column":56}},"type":"if","locations":[{"start":{"line":219,"column":8},"end":{"line":219,"column":56}},{"start":{},"end":{}}]},"24":{"loc":{"start":{"line":219,"column":12},"end":{"line":219,"column":47}},"type":"binary-expr","locations":[{"start":{"line":219,"column":12},"end":{"line":219,"column":17}},{"start":{"line":219,"column":22},"end":{"line":219,"column":39}},{"start":{"line":219,"column":43},"end":{"line":219,"column":46}}]},"25":{"loc":{"start":{"line":221,"column":8},"end":{"line":244,"column":9}},"type":"switch","locations":[{"start":{"line":222,"column":12},"end":{"line":224,"column":22}},{"start":{"line":225,"column":12},"end":{"line":227,"column":22}},{"start":{"line":228,"column":12},"end":{"line":230,"column":22}},{"start":{"line":231,"column":12},"end":{"line":235,"column":22}},{"start":{"line":236,"column":12},"end":{"line":243,"column":22}}]},"26":{"loc":{"start":{"line":252,"column":8},"end":{"line":252,"column":28}},"type":"if","locations":[{"start":{"line":252,"column":8},"end":{"line":252,"column":28}},{"start":{},"end":{}}]},"27":{"loc":{"start":{"line":253,"column":8},"end":{"line":256,"column":9}},"type":"if","locations":[{"start":{"line":253,"column":8},"end":{"line":256,"column":9}},{"start":{},"end":{}}]},"28":{"loc":{"start":{"line":257,"column":8},"end":{"line":260,"column":9}},"type":"if","locations":[{"start":{"line":257,"column":8},"end":{"line":260,"column":9}},{"start":{},"end":{}}]},"29":{"loc":{"start":{"line":272,"column":8},"end":{"line":274,"column":9}},"type":"if","locations":[{"start":{"line":272,"column":8},"end":{"line":274,"column":9}},{"start":{},"end":{}}]}},"s":{"0":21,"1":12,"2":12,"3":12,"4":60,"5":60,"6":180,"7":12,"8":13,"9":499,"10":12,"11":12,"12":36,"13":36,"14":12,"15":0,"16":0,"17":0,"18":0,"19":0,"20":0,"21":0,"22":0,"23":0,"24":0,"25":0,"26":0,"27":0,"28":0,"29":0,"30":0,"31":0,"32":0,"33":9,"34":12,"35":9,"36":0,"37":9,"38":1,"39":1,"40":0,"41":0,"42":0,"43":0,"44":1,"45":1,"46":1,"47":1,"48":1,"49":1,"50":1,"51":1,"52":1,"53":1,"54":1,"55":1,"56":1,"57":2,"58":2,"59":1,"60":1,"61":9,"62":5,"63":9,"64":2,"65":2,"66":2,"67":4,"68":2,"69":0,"70":2,"71":2,"72":2,"73":1,"74":1,"75":2,"76":1,"77":1,"78":1,"79":1,"80":1,"81":2,"82":2,"83":0,"84":0,"85":0,"86":0,"87":1,"88":1,"89":0,"90":1,"91":1,"92":1,"93":0,"94":1,"95":0,"96":1,"97":0,"98":0,"99":1,"100":1,"101":0,"102":0,"103":0,"104":0,"105":0,"106":0,"107":0,"108":0,"109":0,"110":0,"111":0,"112":0,"113":1,"114":4,"115":7,"116":4,"117":0,"118":4,"119":4,"120":4,"121":4,"122":1,"123":1,"124":5,"125":15,"126":5,"127":5,"128":5,"129":5,"130":2,"131":6,"132":2,"133":1,"134":2},"f":{"0":21,"1":12,"2":13,"3":499,"4":12,"5":36,"6":0,"7":0,"8":0,"9":0,"10":9,"11":12,"12":2,"13":2,"14":4,"15":2,"16":2,"17":1,"18":1,"19":0,"20":4,"21":7,"22":5,"23":15,"24":5,"25":2,"26":6},"b":{"0":[0,0],"1":[0,0],"2":[0,0],"3":[0,0],"4":[0,0],"5":[0,0],"6":[0,0,0,0,0,0,0,0,0,0,0],"7":[0,0],"8":[0,0],"9":[0,0,0],"10":[0,9],"11":[9,9],"12":[1,0,0,1,1,1,1,1,2,1],"13":[1,0],"14":[1,1,1],"15":[5,4],"16":[9,7,6],"17":[0,2],"18":[2,2],"19":[1,1],"20":[2,0,0,0,0],"21":[0,1],"22":[0,1],"23":[0,1],"24":[1,1,0],"25":[0,1,0,0,0],"26":[0,4],"27":[4,0],"28":[1,3],"29":[1,1]}}
,"C:\\Users\\malan\\Documents\\GitHub\\PlayGrid\\backend\\src\\utils\\idGenerator.ts": {"path":"C:\\Users\\malan\\Documents\\GitHub\\PlayGrid\\backend\\src\\utils\\idGenerator.ts","statementMap":{"0":{"start":{"line":1,"column":0},"end":{"line":1,"column":36}},"1":{"start":{"line":3,"column":26},"end":{"line":3,"column":40}},"2":{"start":{"line":3,"column":32},"end":{"line":3,"column":40}},"3":{"start":{"line":3,"column":13},"end":{"line":3,"column":26}}},"fnMap":{"0":{"name":"(anonymous_0)","decl":{"start":{"line":3,"column":26},"end":{"line":3,"column":29}},"loc":{"start":{"line":3,"column":32},"end":{"line":3,"column":40}}}},"branchMap":{},"s":{"0":1,"1":1,"2":0,"3":1},"f":{"0":0},"b":{}}
}
