TN:
SF:src\config.ts
FNF:0
FNH:0
DA:1,1
DA:2,1
DA:3,1
LF:3
LH:3
BRDA:1,0,0,0
BRDA:1,0,1,1
BRF:2
BRH:1
end_of_record
TN:
SF:src\rooms.ts
FN:39,createRoom
FN:55,getRoom
FN:59,getAllRooms
FN:63,getPublicRoomsSummary
FN:65,(anonymous_4)
FN:80,addPlayerToRoom
FN:86,(anonymous_6)
FN:114,markPlayerDisconnected
FN:117,(anonymous_8)
FN:123,(anonymous_9)
FN:128,removePlayerById
FN:131,(anonymous_11)
FN:142,(anonymous_12)
FN:148,removePlayerBySocket
FN:151,(anonymous_14)
FN:157,getRoomPublicView
FN:169,getFullRoomData
FN:177,(anonymous_17)
FNF:18
FNH:0
FNDA:0,createRoom
FNDA:0,getRoom
FNDA:0,getAllRooms
FNDA:0,getPublicRoomsSummary
FNDA:0,(anonymous_4)
FNDA:0,addPlayerToRoom
FNDA:0,(anonymous_6)
FNDA:0,markPlayerDisconnected
FNDA:0,(anonymous_8)
FNDA:0,(anonymous_9)
FNDA:0,removePlayerById
FNDA:0,(anonymous_11)
FNDA:0,(anonymous_12)
FNDA:0,removePlayerBySocket
FNDA:0,(anonymous_14)
FNDA:0,getRoomPublicView
FNDA:0,getFullRoomData
FNDA:0,(anonymous_17)
DA:8,1
DA:9,1
DA:37,1
DA:39,1
DA:40,0
DA:41,0
DA:51,0
DA:52,0
DA:55,1
DA:56,0
DA:59,1
DA:60,0
DA:63,1
DA:64,0
DA:65,0
DA:73,0
DA:80,1
DA:81,0
DA:82,0
DA:85,0
DA:86,0
DA:88,0
DA:90,0
DA:91,0
DA:92,0
DA:93,0
DA:94,0
DA:95,0
DA:97,0
DA:100,0
DA:102,0
DA:110,0
DA:111,0
DA:114,1
DA:115,0
DA:116,0
DA:117,0
DA:118,0
DA:119,0
DA:120,0
DA:123,0
DA:124,0
DA:128,1
DA:129,0
DA:130,0
DA:131,0
DA:132,0
DA:133,0
DA:134,0
DA:135,0
DA:138,0
DA:139,0
DA:142,0
DA:143,0
DA:148,1
DA:149,0
DA:150,0
DA:151,0
DA:152,0
DA:154,0
DA:157,1
DA:158,0
DA:159,0
DA:160,0
DA:169,1
DA:170,0
DA:171,0
DA:173,0
DA:177,0
LF:69
LH:13
BRDA:39,0,0,0
BRDA:39,1,0,0
BRDA:45,2,0,0
BRDA:45,2,1,0
BRDA:56,3,0,0
BRDA:56,3,1,0
BRDA:80,4,0,0
BRDA:82,5,0,0
BRDA:82,5,1,0
BRDA:85,6,0,0
BRDA:85,6,1,0
BRDA:88,7,0,0
BRDA:88,7,1,0
BRDA:93,8,0,0
BRDA:93,8,1,0
BRDA:100,9,0,0
BRDA:100,9,1,0
BRDA:116,10,0,0
BRDA:116,10,1,0
BRDA:118,11,0,0
BRDA:118,11,1,0
BRDA:130,12,0,0
BRDA:130,12,1,0
BRDA:132,13,0,0
BRDA:132,13,1,0
BRDA:134,14,0,0
BRDA:134,14,1,0
BRDA:138,15,0,0
BRDA:138,15,1,0
BRDA:142,16,0,0
BRDA:142,16,1,0
BRDA:150,17,0,0
BRDA:150,17,1,0
BRDA:152,18,0,0
BRDA:152,18,1,0
BRDA:159,19,0,0
BRDA:159,19,1,0
BRDA:171,20,0,0
BRDA:171,20,1,0
BRF:39
BRH:0
end_of_record
TN:
SF:src\socket.ts
FN:54,safeAck
FN:60,emitError
FN:64,emitRoomUpdate
FN:69,(anonymous_3)
FN:79,sanitizeStateForPlayer
FN:89,(anonymous_5)
FN:95,(anonymous_6)
FN:107,sanitizeStateForAll
FN:117,(anonymous_8)
FN:121,(anonymous_9)
FN:133,(anonymous_10)
FN:142,initSocket
FN:150,(anonymous_12)
FN:157,(anonymous_13)
FN:161,(anonymous_14)
FN:189,(anonymous_15)
FN:228,(anonymous_16)
FN:243,(anonymous_17)
FN:255,(anonymous_18)
FN:282,(anonymous_19)
FN:301,(anonymous_20)
FN:328,(anonymous_21)
FN:345,(anonymous_22)
FN:350,(anonymous_23)
FN:361,(anonymous_24)
FN:372,(anonymous_25)
FN:387,(anonymous_26)
FN:402,(anonymous_27)
FN:421,(anonymous_28)
FN:425,(anonymous_29)
FN:426,(anonymous_30)
FN:444,(anonymous_31)
FNF:32
FNH:16
FNDA:7,safeAck
FNDA:2,emitError
FNDA:2,emitRoomUpdate
FNDA:0,(anonymous_3)
FNDA:1,sanitizeStateForPlayer
FNDA:1,(anonymous_5)
FNDA:0,(anonymous_6)
FNDA:1,sanitizeStateForAll
FNDA:1,(anonymous_8)
FNDA:0,(anonymous_9)
FNDA:0,(anonymous_10)
FNDA:9,initSocket
FNDA:8,(anonymous_12)
FNDA:1,(anonymous_13)
FNDA:2,(anonymous_14)
FNDA:2,(anonymous_15)
FNDA:0,(anonymous_16)
FNDA:0,(anonymous_17)
FNDA:0,(anonymous_18)
FNDA:1,(anonymous_19)
FNDA:0,(anonymous_20)
FNDA:1,(anonymous_21)
FNDA:0,(anonymous_22)
FNDA:0,(anonymous_23)
FNDA:0,(anonymous_24)
FNDA:0,(anonymous_25)
FNDA:1,(anonymous_26)
FNDA:1,(anonymous_27)
FNDA:0,(anonymous_28)
FNDA:0,(anonymous_29)
FNDA:0,(anonymous_30)
FNDA:0,(anonymous_31)
DA:2,1
DA:12,1
DA:14,1
DA:55,7
DA:56,6
DA:61,2
DA:66,2
DA:67,1
DA:69,2
DA:70,0
DA:73,1
DA:76,1
DA:77,1
DA:80,1
DA:81,1
DA:83,1
DA:84,0
DA:87,1
DA:90,1
DA:91,0
DA:96,0
DA:103,1
DA:104,1
DA:108,1
DA:109,1
DA:111,1
DA:112,0
DA:115,1
DA:117,1
DA:122,0
DA:128,1
DA:129,1
DA:133,1
DA:134,0
DA:135,0
DA:136,0
DA:137,0
DA:142,1
DA:143,9
DA:144,9
DA:148,9
DA:150,9
DA:151,8
DA:152,8
DA:155,8
DA:157,8
DA:158,1
DA:161,8
DA:162,2
DA:163,2
DA:165,2
DA:166,1
DA:168,1
DA:169,1
DA:172,1
DA:173,1
DA:176,1
DA:181,1
DA:183,1
DA:184,1
DA:185,1
DA:189,8
DA:190,2
DA:191,2
DA:192,2
DA:194,2
DA:195,1
DA:196,1
DA:199,1
DA:200,0
DA:201,0
DA:204,1
DA:205,1
DA:206,0
DA:207,0
DA:211,1
DA:212,0
DA:213,0
DA:217,1
DA:218,1
DA:220,1
DA:221,1
DA:224,1
DA:225,1
DA:228,1
DA:229,0
DA:235,1
DA:237,0
DA:238,0
DA:239,0
DA:243,8
DA:244,0
DA:245,0
DA:246,0
DA:247,0
DA:249,0
DA:250,0
DA:251,0
DA:255,8
DA:256,0
DA:257,0
DA:259,0
DA:260,0
DA:262,0
DA:265,0
DA:266,0
DA:268,0
DA:269,0
DA:274,0
DA:276,0
DA:277,0
DA:278,0
DA:282,8
DA:283,1
DA:284,1
DA:285,1
DA:292,1
DA:293,1
DA:295,0
DA:296,0
DA:297,0
DA:301,8
DA:302,0
DA:303,0
DA:304,0
DA:306,0
DA:307,0
DA:310,0
DA:311,0
DA:313,0
DA:314,0
DA:318,0
DA:320,0
DA:322,0
DA:323,0
DA:324,0
DA:328,8
DA:329,1
DA:330,1
DA:331,1
DA:332,0
DA:333,0
DA:334,0
DA:337,1
DA:338,1
DA:344,1
DA:345,1
DA:346,1
DA:349,1
DA:350,0
DA:352,0
DA:353,0
DA:355,1
DA:356,1
DA:357,1
DA:361,8
DA:362,0
DA:363,0
DA:364,0
DA:365,0
DA:366,0
DA:369,0
DA:370,0
DA:372,0
DA:373,0
DA:375,0
DA:378,0
DA:382,0
DA:383,0
DA:387,8
DA:388,1
DA:389,1
DA:390,1
DA:392,1
DA:393,0
DA:394,0
DA:397,1
DA:398,1
DA:400,1
DA:402,1
DA:403,1
DA:404,1
DA:405,1
DA:414,1
DA:416,0
DA:417,0
DA:421,8
DA:422,0
DA:423,0
DA:425,0
DA:426,0
DA:427,0
DA:428,0
DA:429,0
DA:431,0
DA:435,0
DA:437,0
DA:444,9
LF:198
LH:108
BRDA:55,0,0,6
BRDA:55,0,1,1
BRDA:60,1,0,2
BRDA:66,2,0,1
BRDA:66,2,1,1
BRDA:83,3,0,0
BRDA:83,3,1,1
BRDA:83,4,0,1
BRDA:83,4,1,0
BRDA:90,5,0,1
BRDA:90,5,1,0
BRDA:94,6,0,0
BRDA:94,6,1,0
BRDA:96,7,0,0
BRDA:96,7,1,0
BRDA:111,8,0,0
BRDA:111,8,1,1
BRDA:111,9,0,1
BRDA:111,9,1,0
BRDA:120,10,0,1
BRDA:120,10,1,1
BRDA:122,11,0,0
BRDA:122,11,1,0
BRDA:136,12,0,0
BRDA:136,12,1,0
BRDA:163,13,0,2
BRDA:165,14,0,2
BRDA:165,14,1,2
BRDA:178,15,0,1
BRDA:178,15,1,0
BRDA:194,16,0,1
BRDA:194,16,1,1
BRDA:199,17,0,0
BRDA:199,17,1,1
BRDA:199,18,0,1
BRDA:199,18,1,0
BRDA:199,18,2,0
BRDA:205,19,0,0
BRDA:205,19,1,1
BRDA:212,20,0,0
BRDA:212,20,1,0
BRDA:212,21,0,0
BRDA:212,21,1,0
BRDA:221,22,0,1
BRDA:221,22,1,1
BRDA:231,23,0,0
BRDA:231,23,1,0
BRDA:247,24,0,0
BRDA:247,24,1,0
BRDA:259,25,0,0
BRDA:259,25,1,0
BRDA:271,26,0,0
BRDA:271,26,1,0
BRDA:286,27,0,1
BRDA:286,27,1,1
BRDA:304,28,0,0
BRDA:304,28,1,0
BRDA:306,29,0,0
BRDA:306,29,1,0
BRDA:316,30,0,0
BRDA:316,30,1,0
BRDA:331,31,0,0
BRDA:331,31,1,1
BRDA:364,32,0,0
BRDA:364,32,1,0
BRDA:364,33,0,0
BRDA:364,33,1,0
BRDA:364,33,2,0
BRDA:370,34,0,0
BRDA:370,34,1,0
BRDA:373,35,0,0
BRDA:373,35,1,0
BRDA:392,36,0,0
BRDA:392,36,1,1
BRDA:400,37,0,1
BRDA:400,37,1,0
BRDA:400,38,0,1
BRDA:400,38,1,1
BRDA:403,39,0,1
BRDA:403,39,1,1
BRDA:404,40,0,1
BRDA:404,40,1,0
BRDA:433,41,0,0
BRDA:433,41,1,0
BRF:84
BRH:33
end_of_record
TN:
SF:src\games\GameManager.ts
FN:23,(anonymous_0)
FN:28,(anonymous_1)
FN:33,(anonymous_2)
FN:58,(anonymous_3)
FN:84,(anonymous_4)
FN:93,(anonymous_5)
FN:103,(anonymous_6)
FN:108,(anonymous_7)
FN:112,(anonymous_8)
FN:116,(anonymous_9)
FN:127,(anonymous_10)
FN:128,(anonymous_11)
FN:133,(anonymous_12)
FN:145,(anonymous_13)
FN:152,(anonymous_14)
FN:157,(anonymous_15)
FNF:16
FNH:0
FNDA:0,(anonymous_0)
FNDA:0,(anonymous_1)
FNDA:0,(anonymous_2)
FNDA:0,(anonymous_3)
FNDA:0,(anonymous_4)
FNDA:0,(anonymous_5)
FNDA:0,(anonymous_6)
FNDA:0,(anonymous_7)
FNDA:0,(anonymous_8)
FNDA:0,(anonymous_9)
FNDA:0,(anonymous_10)
FNDA:0,(anonymous_11)
FNDA:0,(anonymous_12)
FNDA:0,(anonymous_13)
FNDA:0,(anonymous_14)
FNDA:0,(anonymous_15)
DA:11,1
DA:14,0
DA:17,0
DA:20,0
DA:21,0
DA:24,0
DA:25,0
DA:29,0
DA:30,0
DA:34,0
DA:35,0
DA:36,0
DA:40,0
DA:41,0
DA:44,0
DA:45,0
DA:52,0
DA:53,0
DA:55,0
DA:59,0
DA:60,0
DA:61,0
DA:64,0
DA:67,0
DA:68,0
DA:72,0
DA:75,0
DA:76,0
DA:79,0
DA:81,0
DA:85,0
DA:86,0
DA:87,0
DA:88,0
DA:89,0
DA:94,0
DA:95,0
DA:97,0
DA:98,0
DA:100,0
DA:104,0
DA:105,0
DA:109,0
DA:113,0
DA:117,0
DA:118,0
DA:120,0
DA:128,0
DA:129,0
DA:134,0
DA:135,0
DA:137,0
DA:138,0
DA:139,0
DA:143,0
DA:144,0
DA:145,0
DA:146,0
DA:153,0
DA:162,0
DA:163,0
DA:164,0
DA:167,0
LF:63
LH:1
BRDA:35,0,0,0
BRDA:35,0,1,0
BRDA:40,1,0,0
BRDA:40,1,1,0
BRDA:60,2,0,0
BRDA:60,2,1,0
BRDA:67,3,0,0
BRDA:67,3,1,0
BRDA:86,4,0,0
BRDA:86,4,1,0
BRDA:95,5,0,0
BRDA:95,5,1,0
BRDA:118,6,0,0
BRDA:118,6,1,0
BRDA:122,7,0,0
BRDA:122,7,1,0
BRDA:138,8,0,0
BRDA:138,8,1,0
BRDA:143,9,0,0
BRDA:143,9,1,0
BRDA:164,10,0,0
BRDA:164,10,1,0
BRF:22
BRH:0
end_of_record
TN:
SF:src\games\coup\CoupGame.ts
FN:30,(anonymous_0)
FN:34,(anonymous_1)
FN:45,(anonymous_2)
FN:46,(anonymous_3)
FN:49,(anonymous_4)
FN:51,(anonymous_5)
FN:68,(anonymous_6)
FN:69,(anonymous_7)
FN:108,(anonymous_8)
FN:109,(anonymous_9)
FN:114,(anonymous_10)
FN:115,(anonymous_11)
FN:180,(anonymous_12)
FN:181,(anonymous_13)
FN:182,(anonymous_14)
FN:192,(anonymous_15)
FN:204,(anonymous_16)
FN:214,(anonymous_17)
FN:217,(anonymous_18)
FN:218,(anonymous_19)
FN:250,(anonymous_20)
FN:251,(anonymous_21)
FN:263,(anonymous_22)
FN:264,(anonymous_23)
FN:265,(anonymous_24)
FN:270,(anonymous_25)
FN:271,(anonymous_26)
FNF:27
FNH:22
FNDA:21,(anonymous_0)
FNDA:12,(anonymous_1)
FNDA:13,(anonymous_2)
FNDA:499,(anonymous_3)
FNDA:12,(anonymous_4)
FNDA:36,(anonymous_5)
FNDA:0,(anonymous_6)
FNDA:0,(anonymous_7)
FNDA:0,(anonymous_8)
FNDA:0,(anonymous_9)
FNDA:9,(anonymous_10)
FNDA:12,(anonymous_11)
FNDA:2,(anonymous_12)
FNDA:2,(anonymous_13)
FNDA:4,(anonymous_14)
FNDA:2,(anonymous_15)
FNDA:2,(anonymous_16)
FNDA:1,(anonymous_17)
FNDA:1,(anonymous_18)
FNDA:0,(anonymous_19)
FNDA:4,(anonymous_20)
FNDA:7,(anonymous_21)
FNDA:5,(anonymous_22)
FNDA:15,(anonymous_23)
FNDA:5,(anonymous_24)
FNDA:2,(anonymous_25)
FNDA:6,(anonymous_26)
DA:30,2
DA:31,21
DA:35,12
DA:36,12
DA:37,12
DA:38,60
DA:39,180
DA:42,12
DA:46,499
DA:50,12
DA:51,12
DA:52,36
DA:53,36
DA:62,12
DA:69,0
DA:70,0
DA:73,0
DA:74,0
DA:78,0
DA:79,0
DA:82,0
DA:87,0
DA:90,0
DA:93,0
DA:96,0
DA:101,0
DA:104,0
DA:109,0
DA:110,0
DA:115,12
DA:116,9
DA:118,9
DA:120,1
DA:121,1
DA:125,0
DA:126,0
DA:130,0
DA:131,0
DA:134,1
DA:135,1
DA:136,1
DA:139,1
DA:140,1
DA:141,1
DA:144,1
DA:145,1
DA:148,1
DA:149,1
DA:153,1
DA:154,1
DA:161,1
DA:164,2
DA:165,2
DA:169,1
DA:170,1
DA:173,9
DA:174,5
DA:177,9
DA:181,2
DA:182,4
DA:183,2
DA:185,2
DA:186,2
DA:188,2
DA:190,1
DA:192,2
DA:193,1
DA:194,1
DA:195,1
DA:198,1
DA:200,1
DA:205,2
DA:206,2
DA:207,0
DA:208,0
DA:209,0
DA:210,0
DA:215,1
DA:216,1
DA:217,1
DA:218,1
DA:219,1
DA:221,1
DA:223,0
DA:224,0
DA:226,1
DA:227,1
DA:229,0
DA:230,0
DA:232,0
DA:233,0
DA:234,0
DA:235,0
DA:237,0
DA:238,0
DA:240,0
DA:241,0
DA:242,0
DA:243,0
DA:245,1
DA:251,7
DA:252,4
DA:253,4
DA:254,4
DA:255,4
DA:257,4
DA:258,1
DA:259,1
DA:264,15
DA:265,5
DA:266,5
DA:267,5
DA:271,6
DA:272,2
DA:273,1
LF:115
LH:78
BRDA:70,0,0,0
BRDA:70,0,1,0
BRDA:70,1,0,0
BRDA:70,1,1,0
BRDA:73,2,0,0
BRDA:73,2,1,0
BRDA:73,3,0,0
BRDA:73,3,1,0
BRDA:78,4,0,0
BRDA:78,4,1,0
BRDA:78,5,0,0
BRDA:78,5,1,0
BRDA:82,6,0,0
BRDA:82,6,1,0
BRDA:82,6,2,0
BRDA:82,6,3,0
BRDA:82,6,4,0
BRDA:82,6,5,0
BRDA:82,6,6,0
BRDA:82,6,7,0
BRDA:82,6,8,0
BRDA:82,6,9,0
BRDA:82,6,10,0
BRDA:90,7,0,0
BRDA:90,7,1,0
BRDA:93,8,0,0
BRDA:93,8,1,0
BRDA:110,9,0,0
BRDA:110,9,1,0
BRDA:110,9,2,0
BRDA:116,10,0,0
BRDA:116,10,1,9
BRDA:116,11,0,9
BRDA:116,11,1,9
BRDA:118,12,0,1
BRDA:118,12,1,0
BRDA:118,12,2,0
BRDA:118,12,3,1
BRDA:118,12,4,1
BRDA:118,12,5,1
BRDA:118,12,6,1
BRDA:118,12,7,1
BRDA:118,12,8,2
BRDA:118,12,9,1
BRDA:153,13,0,1
BRDA:153,13,1,0
BRDA:153,14,0,1
BRDA:153,14,1,1
BRDA:153,14,2,1
BRDA:173,15,0,5
BRDA:173,15,1,4
BRDA:173,16,0,9
BRDA:173,16,1,7
BRDA:173,16,2,6
BRDA:183,17,0,0
BRDA:183,17,1,2
BRDA:183,18,0,2
BRDA:183,18,1,2
BRDA:188,19,0,1
BRDA:188,19,1,1
BRDA:205,20,0,2
BRDA:205,20,1,0
BRDA:205,20,2,0
BRDA:205,20,3,0
BRDA:205,20,4,0
BRDA:216,21,0,0
BRDA:216,21,1,1
BRDA:218,22,0,0
BRDA:218,22,1,1
BRDA:219,23,0,0
BRDA:219,23,1,1
BRDA:219,24,0,1
BRDA:219,24,1,1
BRDA:219,24,2,0
BRDA:221,25,0,0
BRDA:221,25,1,1
BRDA:221,25,2,0
BRDA:221,25,3,0
BRDA:221,25,4,0
BRDA:252,26,0,0
BRDA:252,26,1,4
BRDA:253,27,0,4
BRDA:253,27,1,0
BRDA:257,28,0,1
BRDA:257,28,1,3
BRDA:272,29,0,1
BRDA:272,29,1,1
BRF:87
BRH:38
end_of_record
TN:
SF:src\utils\idGenerator.ts
FN:3,(anonymous_0)
FNF:1
FNH:0
FNDA:0,(anonymous_0)
DA:1,1
DA:3,1
LF:2
LH:2
BRF:0
BRH:0
end_of_record
